Using pre-set license
Built from '2021.3/staging' branch; Version is '2021.3.5f1 (40eb3a945986) revision 4254522'; Using compiler version '192829333'; Build Type 'Release'
OS: 'Windows 10  (10.0.19042) 64bit Professional' Language: 'en' Physical Memory: 32681 MB
BatchMode: 1, IsHumanControllingUs: 0, StartBugReporterOnCrash: 0, Is64bit: 1, IsPro: 1

COMMAND LINE ARGUMENTS:
C:\Program Files\Unity\Hub\Editor\2021.3.5f1\Editor\Unity.exe
-adb2
-batchMode
-noUpm
-name
AssetImportWorker6
-projectPath
C:/Users/nicka/OneDrive/Documents/GitHub/MizzouCampus/MizzouCampusOnline
-logFile
Logs/AssetImportWorker6.log
-srvPort
65528
Successfully changed project path to: C:/Users/nicka/OneDrive/Documents/GitHub/MizzouCampus/MizzouCampusOnline
C:/Users/nicka/OneDrive/Documents/GitHub/MizzouCampus/MizzouCampusOnline
[UnityMemory] Configuration Parameters - Can be set up in boot.config
    "memorysetup-bucket-allocator-granularity=16"
    "memorysetup-bucket-allocator-bucket-count=8"
    "memorysetup-bucket-allocator-block-size=33554432"
    "memorysetup-bucket-allocator-block-count=8"
    "memorysetup-main-allocator-block-size=16777216"
    "memorysetup-thread-allocator-block-size=16777216"
    "memorysetup-gfx-main-allocator-block-size=16777216"
    "memorysetup-gfx-thread-allocator-block-size=16777216"
    "memorysetup-cache-allocator-block-size=4194304"
    "memorysetup-typetree-allocator-block-size=2097152"
    "memorysetup-profiler-bucket-allocator-granularity=16"
    "memorysetup-profiler-bucket-allocator-bucket-count=8"
    "memorysetup-profiler-bucket-allocator-block-size=33554432"
    "memorysetup-profiler-bucket-allocator-block-count=8"
    "memorysetup-profiler-allocator-block-size=16777216"
    "memorysetup-profiler-editor-allocator-block-size=1048576"
    "memorysetup-temp-allocator-size-main=16777216"
    "memorysetup-job-temp-allocator-block-size=2097152"
    "memorysetup-job-temp-allocator-block-size-background=1048576"
    "memorysetup-job-temp-allocator-reduction-small-platforms=262144"
    "memorysetup-temp-allocator-size-background-worker=32768"
    "memorysetup-temp-allocator-size-job-worker=262144"
    "memorysetup-temp-allocator-size-preload-manager=33554432"
    "memorysetup-temp-allocator-size-nav-mesh-worker=65536"
    "memorysetup-temp-allocator-size-audio-worker=65536"
    "memorysetup-temp-allocator-size-cloud-worker=32768"
    "memorysetup-temp-allocator-size-gi-baking-worker=262144"
    "memorysetup-temp-allocator-size-gfx=262144"
Refreshing native plugins compatible for Editor in 193.61 ms, found 15 plugins.
Preloading 1 native plugins for Editor in 1.27 ms.
Initialize engine version: 2021.3.5f1 (40eb3a945986)
[Subsystems] Discovering subsystems at path C:/Program Files/Unity/Hub/Editor/2021.3.5f1/Editor/Data/Resources/UnitySubsystems
[Subsystems] Discovering subsystems at path C:/Users/nicka/OneDrive/Documents/GitHub/MizzouCampus/MizzouCampusOnline/Assets
GfxDevice: creating device client; threaded=0; jobified=0
Direct3D:
    Version:  Direct3D 11.0 [level 11.1]
    Renderer: NVIDIA GeForce RTX 3090 (ID=0x2204)
    Vendor:   NVIDIA
    VRAM:     24348 MB
    Driver:   30.0.15.1179
Initialize mono
Mono path[0] = 'C:/Program Files/Unity/Hub/Editor/2021.3.5f1/Editor/Data/Managed'
Mono path[1] = 'C:/Program Files/Unity/Hub/Editor/2021.3.5f1/Editor/Data/MonoBleedingEdge/lib/mono/unityjit-win32'
Mono config path = 'C:/Program Files/Unity/Hub/Editor/2021.3.5f1/Editor/Data/MonoBleedingEdge/etc'
Using monoOptions --debugger-agent=transport=dt_socket,embedding=1,server=y,suspend=n,address=127.0.0.1:56404
Begin MonoManager ReloadAssembly
Registering precompiled unity dll's ...
Register platform support module: C:/Program Files/Unity/Hub/Editor/2021.3.5f1/Editor/Data/PlaybackEngines/MacStandaloneSupport/UnityEditor.OSXStandalone.Extensions.dll
Register platform support module: C:/Program Files/Unity/Hub/Editor/2021.3.5f1/Editor/Data/PlaybackEngines/WindowsStandaloneSupport/UnityEditor.WindowsStandalone.Extensions.dll
Register platform support module: C:/Program Files/Unity/Hub/Editor/2021.3.5f1/Editor/Data/PlaybackEngines/LinuxStandaloneSupport/UnityEditor.LinuxStandalone.Extensions.dll
Register platform support module: C:/Program Files/Unity/Hub/Editor/2021.3.5f1/Editor/Data/PlaybackEngines/MetroSupport/UnityEditor.UWP.Extensions.dll
Registered in 0.011729 seconds.
Native extension for UWP target not found
Native extension for LinuxStandalone target not found
Native extension for WindowsStandalone target not found
Native extension for OSXStandalone target not found
Refreshing native plugins compatible for Editor in 178.47 ms, found 15 plugins.
Preloading 1 native plugins for Editor in 0.09 ms.
Mono: successfully reloaded assembly
- Completed reload, in  0.888 seconds
Domain Reload Profiling:
	ReloadAssembly (889ms)
		BeginReloadAssembly (88ms)
			ExecutionOrderSort (0ms)
			DisableScriptedObjects (0ms)
			BackupInstance (0ms)
			ReleaseScriptingObjects (0ms)
			CreateAndSetChildDomain (1ms)
		EndReloadAssembly (657ms)
			LoadAssemblies (86ms)
			RebuildTransferFunctionScriptingTraits (0ms)
			SetupTypeCache (136ms)
			ReleaseScriptCaches (0ms)
			RebuildScriptCaches (31ms)
			SetupLoadedEditorAssemblies (425ms)
				LogAssemblyErrors (0ms)
				InitializePlatformSupportModulesInManaged (15ms)
				SetLoadedEditorAssemblies (0ms)
				RefreshPlugins (179ms)
				BeforeProcessingInitializeOnLoad (1ms)
				ProcessInitializeOnLoadAttributes (169ms)
				ProcessInitializeOnLoadMethodAttributes (60ms)
				AfterProcessingInitializeOnLoad (0ms)
				EditorAssembliesLoaded (0ms)
			ExecutionOrderSort2 (0ms)
			AwakeInstancesAfterBackupRestoration (0ms)
Platform modules already initialized, skipping
Registering precompiled user dll's ...
Registered in 0.019581 seconds.
Begin MonoManager ReloadAssembly
Symbol file LoadedFromMemory doesn't match image C:\Users\nicka\OneDrive\Documents\GitHub\MizzouCampus\MizzouCampusOnline\Library\PackageCache\com.unity.visualscripting@1.7.8\Editor\VisualScripting.Core\Dependencies\DotNetZip\Unity.VisualScripting.IonicZip.dll
Symbol file LoadedFromMemory doesn't match image C:\Users\nicka\OneDrive\Documents\GitHub\MizzouCampus\MizzouCampusOnline\Library\PackageCache\com.unity.visualscripting@1.7.8\Editor\VisualScripting.Core\Dependencies\YamlDotNet\Unity.VisualScripting.YamlDotNet.dll
Native extension for UWP target not found
Native extension for LinuxStandalone target not found
Native extension for WindowsStandalone target not found
Native extension for OSXStandalone target not found
Refreshing native plugins compatible for Editor in 162.69 ms, found 15 plugins.
Preloading 1 native plugins for Editor in 0.08 ms.
Package Manager log level set to [2]
Mono: successfully reloaded assembly
- Completed reload, in  2.168 seconds
Domain Reload Profiling:
	ReloadAssembly (2169ms)
		BeginReloadAssembly (142ms)
			ExecutionOrderSort (0ms)
			DisableScriptedObjects (10ms)
			BackupInstance (0ms)
			ReleaseScriptingObjects (0ms)
			CreateAndSetChildDomain (24ms)
		EndReloadAssembly (1896ms)
			LoadAssemblies (136ms)
			RebuildTransferFunctionScriptingTraits (0ms)
			SetupTypeCache (444ms)
			ReleaseScriptCaches (2ms)
			RebuildScriptCaches (147ms)
			SetupLoadedEditorAssemblies (1101ms)
				LogAssemblyErrors (0ms)
				InitializePlatformSupportModulesInManaged (18ms)
				SetLoadedEditorAssemblies (0ms)
				RefreshPlugins (163ms)
				BeforeProcessingInitializeOnLoad (223ms)
				ProcessInitializeOnLoadAttributes (629ms)
				ProcessInitializeOnLoadMethodAttributes (59ms)
				AfterProcessingInitializeOnLoad (8ms)
				EditorAssembliesLoaded (0ms)
			ExecutionOrderSort2 (0ms)
			AwakeInstancesAfterBackupRestoration (5ms)
Platform modules already initialized, skipping
========================================================================
Worker process is ready to serve import requests
Launched and connected shader compiler UnityShaderCompiler.exe after 0.11 seconds
Refreshing native plugins compatible for Editor in 3.53 ms, found 15 plugins.
Preloading 1 native plugins for Editor in 0.15 ms.
Unloading 6640 Unused Serialized files (Serialized files now loaded: 0)
Unloading 82 unused Assets / (175.0 KB). Loaded Objects now: 7063.
Memory consumption went from 234.3 MB to 234.1 MB.
Total: 8.438500 ms (FindLiveObjects: 1.271700 ms CreateObjectMapping: 0.281200 ms MarkObjects: 6.534700 ms  DeleteObjects: 0.349300 ms)

AssetImportParameters requested are different than current active one (requested -> active):
  custom:video-decoder-ogg-theora: a1e56fd34408186e4bbccfd4996cb3dc -> 
  custom:container-muxer-webm: aa71ff27fc2769a1b78a27578f13a17b -> 
  custom:container-demuxer-webm: 4f35f7cbe854078d1ac9338744f61a02 -> 
  custom:video-encoder-webm-vp8: eb34c28f22e8b96e1ab97ce403110664 -> 
  custom:audio-encoder-webm-vorbis: bf7c407c2cedff20999df2af8eb42d56 -> 
  custom:framework-win-MediaFoundation: 216162199b28c13a410421893ffa2e32 -> 
  custom:container-demuxer-ogg: 62fdf1f143b41e24485cea50d1cbac27 -> 
  custom:video-decoder-webm-vp8: 9c59270c3fd7afecdb556c50c9e8de78 -> 
  custom:audio-decoder-ogg-vorbis: bf7c407c2cedff20999df2af8eb42d56 -> 
========================================================================
Received Import Request.
  Time since last request: 396.304014 seconds.
  path: Assets/ScriptTemplates/55-Mirror__Network Room Player-NewNetworkRoomPlayer.cs.txt
  artifactKey: Guid(1ca8a6309173d4248bc7fa0c6ae001e0) Importer(2089858483,0ecaa5967403d082aa24f35e1b516d23)
Start importing Assets/ScriptTemplates/55-Mirror__Network Room Player-NewNetworkRoomPlayer.cs.txt using Guid(1ca8a6309173d4248bc7fa0c6ae001e0) Importer(2089858483,0ecaa5967403d082aa24f35e1b516d23) Generated GUIDs only implemented for interfaces!
 -> (artifact id: 'dd914499e01e49de6fe20a5524f6c254') in 0.130351 seconds 
========================================================================
Received Import Request.
  Time since last request: 0.000035 seconds.
  path: Assets/MRTK/Shaders/InstancedColored.shader
  artifactKey: Guid(d199a2ca60343bb49ad9a41ddb45a083) Importer(2089858483,0ecaa5967403d082aa24f35e1b516d23)
Start importing Assets/MRTK/Shaders/InstancedColored.shader using Guid(d199a2ca60343bb49ad9a41ddb45a083) Importer(2089858483,0ecaa5967403d082aa24f35e1b516d23) Generated GUIDs only implemented for interfaces!
 -> (artifact id: 'bfeaf7d0ee523244fc93d10021d1b1ce') in 0.050193 seconds 
========================================================================
Received Import Request.
  Time since last request: 0.000034 seconds.
  path: Assets/Mirror/Runtime/Attributes.cs
  artifactKey: Guid(c04c722ee2ffd49c8a56ab33667b10b0) Importer(2089858483,0ecaa5967403d082aa24f35e1b516d23)
Start importing Assets/Mirror/Runtime/Attributes.cs using Guid(c04c722ee2ffd49c8a56ab33667b10b0) Importer(2089858483,0ecaa5967403d082aa24f35e1b516d23) Generated GUIDs only implemented for interfaces!
 -> (artifact id: '79359642df0d107fbeb790208193b8a0') in 0.022076 seconds 
========================================================================
Received Import Request.
  Time since last request: 0.000044 seconds.
  path: Assets/Mirror/Runtime/NetworkIdentity.cs
  artifactKey: Guid(9b91ecbcc199f4492b9a91e820070131) Importer(2089858483,0ecaa5967403d082aa24f35e1b516d23)
Start importing Assets/Mirror/Runtime/NetworkIdentity.cs using Guid(9b91ecbcc199f4492b9a91e820070131) Importer(2089858483,0ecaa5967403d082aa24f35e1b516d23) Generated GUIDs only implemented for interfaces!
 -> (artifact id: 'd329945842a6fb1e23654d1ff3de4e9b') in 0.013770 seconds 
========================================================================
Received Import Request.
  Time since last request: 0.000034 seconds.
  path: Assets/Mirror/Runtime/Transport.cs
  artifactKey: Guid(cfffcac25d6d64ced9de620159e221b8) Importer(2089858483,0ecaa5967403d082aa24f35e1b516d23)
Start importing Assets/Mirror/Runtime/Transport.cs using Guid(cfffcac25d6d64ced9de620159e221b8) Importer(2089858483,0ecaa5967403d082aa24f35e1b516d23) Generated GUIDs only implemented for interfaces!
 -> (artifact id: '59ce5864adf29224d7597969f5215793') in 0.012149 seconds 
========================================================================
Received Import Request.
  Time since last request: 0.000041 seconds.
  path: Assets/Mirror/Authenticators/BasicAuthenticator.cs
  artifactKey: Guid(28496b776660156428f00cf78289c1ec) Importer(2089858483,0ecaa5967403d082aa24f35e1b516d23)
Start importing Assets/Mirror/Authenticators/BasicAuthenticator.cs using Guid(28496b776660156428f00cf78289c1ec) Importer(2089858483,0ecaa5967403d082aa24f35e1b516d23) Generated GUIDs only implemented for interfaces!
 -> (artifact id: 'c8b99f2d92a2da463f9170ba08c2ccaa') in 0.012753 seconds 
========================================================================
Received Import Request.
  Time since last request: 0.000041 seconds.
  path: Assets/Prefabs/MRTK XR Rig.prefab
  artifactKey: Guid(f1e5508d62ac3b6408d1c5c3687805b7) Importer(2089858483,0ecaa5967403d082aa24f35e1b516d23)
Start importing Assets/Prefabs/MRTK XR Rig.prefab using Guid(f1e5508d62ac3b6408d1c5c3687805b7) Importer(2089858483,0ecaa5967403d082aa24f35e1b516d23) Generated GUIDs only implemented for interfaces!
 -> (artifact id: '5c691a7ad69ef5fcd686aef5a8e6c696') in 0.088133 seconds 
========================================================================
Received Import Request.
  Time since last request: 0.000036 seconds.
  path: Assets/Mirror/Examples/MultipleAdditiveScenes/README.md
  artifactKey: Guid(915d7b115a88c7c409dadf5bfc543737) Importer(2089858483,0ecaa5967403d082aa24f35e1b516d23)
Start importing Assets/Mirror/Examples/MultipleAdditiveScenes/README.md using Guid(915d7b115a88c7c409dadf5bfc543737) Importer(2089858483,0ecaa5967403d082aa24f35e1b516d23) Generated GUIDs only implemented for interfaces!
 -> (artifact id: '2ca8ed6f8c74729ef027d54eec332068') in 0.015033 seconds 
========================================================================
Received Import Request.
  Time since last request: 0.000047 seconds.
  path: Assets/MRTK/Shaders/MixedRealityTextMeshProSprite.shader
  artifactKey: Guid(f11fd341db238f342a8b36d23162d67a) Importer(2089858483,0ecaa5967403d082aa24f35e1b516d23)
Start importing Assets/MRTK/Shaders/MixedRealityTextMeshProSprite.shader using Guid(f11fd341db238f342a8b36d23162d67a) Importer(2089858483,0ecaa5967403d082aa24f35e1b516d23) Generated GUIDs only implemented for interfaces!
 -> (artifact id: 'c66d63ac5f055597a52dd7e1a3f7d111') in 0.013988 seconds 
========================================================================
Received Import Request.
  Time since last request: 0.000049 seconds.
  path: Assets/Mirror/Editor/Weaver/WeaverTypes.cs
  artifactKey: Guid(2585961bf7fe4c10a9143f4087efdf6f) Importer(2089858483,0ecaa5967403d082aa24f35e1b516d23)
Start importing Assets/Mirror/Editor/Weaver/WeaverTypes.cs using Guid(2585961bf7fe4c10a9143f4087efdf6f) Importer(2089858483,0ecaa5967403d082aa24f35e1b516d23) Generated GUIDs only implemented for interfaces!
 -> (artifact id: 'fb5dd68e50e35be6d2386663cec237f1') in 0.012226 seconds 
========================================================================
Received Import Request.
  Time since last request: 0.000038 seconds.
  path: Assets/Mirror/Editor/Weaver/Resolvers.cs
  artifactKey: Guid(3039a59c76aec43c797ad66930430367) Importer(2089858483,0ecaa5967403d082aa24f35e1b516d23)
Start importing Assets/Mirror/Editor/Weaver/Resolvers.cs using Guid(3039a59c76aec43c797ad66930430367) Importer(2089858483,0ecaa5967403d082aa24f35e1b516d23) Generated GUIDs only implemented for interfaces!
 -> (artifact id: '841598e1adf9f75e5bd85f0cfa9478c9') in 0.010936 seconds 
========================================================================
Received Import Request.
  Time since last request: 0.000034 seconds.
  path: Assets/TextMesh Pro/Resources/LineBreaking Following Characters.txt
  artifactKey: Guid(fade42e8bc714b018fac513c043d323b) Importer(2089858483,0ecaa5967403d082aa24f35e1b516d23)
Start importing Assets/TextMesh Pro/Resources/LineBreaking Following Characters.txt using Guid(fade42e8bc714b018fac513c043d323b) Importer(2089858483,0ecaa5967403d082aa24f35e1b516d23) Generated GUIDs only implemented for interfaces!
 -> (artifact id: 'bc5474828f7e1876ab3493e21115fb95') in 0.011955 seconds 
========================================================================
Received Import Request.
  Time since last request: 0.000029 seconds.
  path: Assets/Mirror/Editor/Weaver/SyncVarAccessLists.cs
  artifactKey: Guid(6905230c3c4c4e158760065a93380e83) Importer(2089858483,0ecaa5967403d082aa24f35e1b516d23)
Start importing Assets/Mirror/Editor/Weaver/SyncVarAccessLists.cs using Guid(6905230c3c4c4e158760065a93380e83) Importer(2089858483,0ecaa5967403d082aa24f35e1b516d23) Generated GUIDs only implemented for interfaces!
 -> (artifact id: 'c29e9c9dc30b5d6166b806db86f82e96') in 0.015666 seconds 
========================================================================
Received Import Request.
  Time since last request: 0.000031 seconds.
  path: Assets/XRI/Settings/XRInteractionEditorSettings.asset
  artifactKey: Guid(3d798b22eae16c24f8471d00f8e50784) Importer(2089858483,0ecaa5967403d082aa24f35e1b516d23)
Start importing Assets/XRI/Settings/XRInteractionEditorSettings.asset using Guid(3d798b22eae16c24f8471d00f8e50784) Importer(2089858483,0ecaa5967403d082aa24f35e1b516d23) Generated GUIDs only implemented for interfaces!
 -> (artifact id: '446e38c9c0c02e1471776116bcca265b') in 0.016725 seconds 
========================================================================
Received Import Request.
  Time since last request: 0.000044 seconds.
  path: Assets/MRTK/Shaders/MixedRealityTextMeshPro.shader
  artifactKey: Guid(1c504b73bf66872479cd1215fb5ce0fe) Importer(2089858483,0ecaa5967403d082aa24f35e1b516d23)
Start importing Assets/MRTK/Shaders/MixedRealityTextMeshPro.shader using Guid(1c504b73bf66872479cd1215fb5ce0fe) Importer(2089858483,0ecaa5967403d082aa24f35e1b516d23) Generated GUIDs only implemented for interfaces!
 -> (artifact id: '49d0459de04880139394ca108f3a78b1') in 0.014642 seconds 
========================================================================
Received Import Request.
  Time since last request: 0.000050 seconds.
  path: Assets/Mirror/Runtime/NetworkManagerHUD.cs
  artifactKey: Guid(6442dc8070ceb41f094e44de0bf87274) Importer(2089858483,0ecaa5967403d082aa24f35e1b516d23)
Start importing Assets/Mirror/Runtime/NetworkManagerHUD.cs using Guid(6442dc8070ceb41f094e44de0bf87274) Importer(2089858483,0ecaa5967403d082aa24f35e1b516d23) Generated GUIDs only implemented for interfaces!
 -> (artifact id: 'd2c24d2f232e53bfd9620184b94cd981') in 0.015023 seconds 
========================================================================
Received Import Request.
  Time since last request: 0.000038 seconds.
  path: Assets/Mirror/Components/Discovery/NetworkDiscoveryBase.cs
  artifactKey: Guid(b9971d60ce61f4e39b07cd9e7e0c68fa) Importer(2089858483,0ecaa5967403d082aa24f35e1b516d23)
Start importing Assets/Mirror/Components/Discovery/NetworkDiscoveryBase.cs using Guid(b9971d60ce61f4e39b07cd9e7e0c68fa) Importer(2089858483,0ecaa5967403d082aa24f35e1b516d23) Generated GUIDs only implemented for interfaces!
 -> (artifact id: 'dcf71be394e5f8b9f4a9b0df263a43a6') in 0.011502 seconds 
========================================================================
Received Import Request.
  Time since last request: 0.000046 seconds.
  path: Assets/TextMesh Pro/Shaders/TMP_SDF-Surface-Mobile.shader
  artifactKey: Guid(85187c2149c549c5b33f0cdb02836b17) Importer(2089858483,0ecaa5967403d082aa24f35e1b516d23)
Start importing Assets/TextMesh Pro/Shaders/TMP_SDF-Surface-Mobile.shader using Guid(85187c2149c549c5b33f0cdb02836b17) Importer(2089858483,0ecaa5967403d082aa24f35e1b516d23) Generated GUIDs only implemented for interfaces!
 -> (artifact id: '1c17f72821a6f28d7b384ec8344a5b72') in 0.017881 seconds 
========================================================================
Received Import Request.
  Time since last request: 0.000033 seconds.
  path: Assets/Mirror/Components/NetworkTransform2k/NetworkTransform.cs
  artifactKey: Guid(2f74aedd71d9a4f55b3ce499326d45fb) Importer(2089858483,0ecaa5967403d082aa24f35e1b516d23)
Start importing Assets/Mirror/Components/NetworkTransform2k/NetworkTransform.cs using Guid(2f74aedd71d9a4f55b3ce499326d45fb) Importer(2089858483,0ecaa5967403d082aa24f35e1b516d23) Generated GUIDs only implemented for interfaces!
 -> (artifact id: '3f23ff3534b22755f8b486ed0be598d1') in 0.012193 seconds 
========================================================================
Received Import Request.
  Time since last request: 0.092071 seconds.
  path: Assets/Mirror/Plugins/Mono.Cecil/Mono.CecilX.Pdb.dll
  artifactKey: Guid(534d998d93b238041bddcd864f7f1088) Importer(2089858483,0ecaa5967403d082aa24f35e1b516d23)
Start importing Assets/Mirror/Plugins/Mono.Cecil/Mono.CecilX.Pdb.dll using Guid(534d998d93b238041bddcd864f7f1088) Importer(2089858483,0ecaa5967403d082aa24f35e1b516d23) Generated GUIDs only implemented for interfaces!
 -> (artifact id: '633382b710cf2cbd9c179539c4a4ab6e') in 0.026467 seconds 
========================================================================
Received Import Request.
  Time since last request: 0.000035 seconds.
  path: Assets/Mirror/Editor/Weaver/EntryPointILPostProcessor/ILPostProcessorHook.cs
  artifactKey: Guid(5f113eb695b348b5b28cd85358c8959a) Importer(2089858483,0ecaa5967403d082aa24f35e1b516d23)
Start importing Assets/Mirror/Editor/Weaver/EntryPointILPostProcessor/ILPostProcessorHook.cs using Guid(5f113eb695b348b5b28cd85358c8959a) Importer(2089858483,0ecaa5967403d082aa24f35e1b516d23) Generated GUIDs only implemented for interfaces!
 -> (artifact id: 'd5d5a5c8fc9532f95a6ef7b1f8fdf5c3') in 0.011026 seconds 
========================================================================
Received Import Request.
  Time since last request: 0.000034 seconds.
  path: Assets/Mirror/Editor/Weaver/Processors/SyncVarAttributeProcessor.cs
  artifactKey: Guid(f52c39bddd95d42b88f9cd554dfd9198) Importer(2089858483,0ecaa5967403d082aa24f35e1b516d23)
Start importing Assets/Mirror/Editor/Weaver/Processors/SyncVarAttributeProcessor.cs using Guid(f52c39bddd95d42b88f9cd554dfd9198) Importer(2089858483,0ecaa5967403d082aa24f35e1b516d23) Generated GUIDs only implemented for interfaces!
 -> (artifact id: '4de7713e321a867fdb4af5ed69e21d75') in 0.012489 seconds 
========================================================================
Received Import Request.
  Time since last request: 0.000033 seconds.
  path: Assets/Mirror/Components/InterestManagement/Distance/DistanceInterestManagement.cs
  artifactKey: Guid(8f60becab051427fbdd3c8ac9ab4712b) Importer(2089858483,0ecaa5967403d082aa24f35e1b516d23)
Start importing Assets/Mirror/Components/InterestManagement/Distance/DistanceInterestManagement.cs using Guid(8f60becab051427fbdd3c8ac9ab4712b) Importer(2089858483,0ecaa5967403d082aa24f35e1b516d23) Generated GUIDs only implemented for interfaces!
 -> (artifact id: 'a838e754414841ef4c4ee631dd900fc4') in 0.015242 seconds 
========================================================================
Received Import Request.
  Time since last request: 0.000036 seconds.
  path: Assets/Mirror/Runtime/SnapshotInterpolation/Snapshot.cs
  artifactKey: Guid(12afea28fdb94154868a0a3b7a9df55b) Importer(2089858483,0ecaa5967403d082aa24f35e1b516d23)
Start importing Assets/Mirror/Runtime/SnapshotInterpolation/Snapshot.cs using Guid(12afea28fdb94154868a0a3b7a9df55b) Importer(2089858483,0ecaa5967403d082aa24f35e1b516d23) Generated GUIDs only implemented for interfaces!
 -> (artifact id: '95cb4ccd43086538ea3740ca25962c64') in 0.014166 seconds 
========================================================================
Received Import Request.
  Time since last request: 0.000030 seconds.
  path: Assets/Mirror/Examples/AdditiveLevels/Materials/StartPoint.mat
  artifactKey: Guid(ec3b6ac9651c31248bcfbf695e6f597a) Importer(2089858483,0ecaa5967403d082aa24f35e1b516d23)
Start importing Assets/Mirror/Examples/AdditiveLevels/Materials/StartPoint.mat using Guid(ec3b6ac9651c31248bcfbf695e6f597a) Importer(2089858483,0ecaa5967403d082aa24f35e1b516d23) Generated GUIDs only implemented for interfaces!
 -> (artifact id: '991b44304b55acbcb17340c47d7f67dc') in 0.038262 seconds 
========================================================================
Received Import Request.
  Time since last request: 0.000030 seconds.
  path: Assets/Mirror/Editor/Weaver/Processors/TargetRpcProcessor.cs
  artifactKey: Guid(fb3ce6c6f3f2942ae88178b86f5a8282) Importer(2089858483,0ecaa5967403d082aa24f35e1b516d23)
Start importing Assets/Mirror/Editor/Weaver/Processors/TargetRpcProcessor.cs using Guid(fb3ce6c6f3f2942ae88178b86f5a8282) Importer(2089858483,0ecaa5967403d082aa24f35e1b516d23) Generated GUIDs only implemented for interfaces!
 -> (artifact id: '5001e3b6e1ddba9618a4324a0ba7d957') in 0.013086 seconds 
========================================================================
Received Import Request.
  Time since last request: 0.000032 seconds.
  path: Assets/TextMesh Pro/Resources/Style Sheets/Default Style Sheet.asset
  artifactKey: Guid(f952c082cb03451daed3ee968ac6c63e) Importer(2089858483,0ecaa5967403d082aa24f35e1b516d23)
Start importing Assets/TextMesh Pro/Resources/Style Sheets/Default Style Sheet.asset using Guid(f952c082cb03451daed3ee968ac6c63e) Importer(2089858483,0ecaa5967403d082aa24f35e1b516d23) Generated GUIDs only implemented for interfaces!
 -> (artifact id: '7d323fa2087faa39666f32764f3ce291') in 0.012085 seconds 
========================================================================
Received Import Request.
  Time since last request: 0.000039 seconds.
  path: Assets/Mirror/Runtime/Empty/NetworkOwnerChecker.cs
  artifactKey: Guid(25fd0c51bbe07c140bc30978b91e9182) Importer(2089858483,0ecaa5967403d082aa24f35e1b516d23)
Start importing Assets/Mirror/Runtime/Empty/NetworkOwnerChecker.cs using Guid(25fd0c51bbe07c140bc30978b91e9182) Importer(2089858483,0ecaa5967403d082aa24f35e1b516d23) Generated GUIDs only implemented for interfaces!
 -> (artifact id: '08e90b6ee0fc798d0a510b7216423bad') in 0.016683 seconds 
========================================================================
Received Import Request.
  Time since last request: 0.000030 seconds.
  path: Assets/Mirror/Components/InterestManagement/Match/MatchInterestManagement.cs
  artifactKey: Guid(d09f5c8bf2f4747b7a9284ef5d9ce2a7) Importer(2089858483,0ecaa5967403d082aa24f35e1b516d23)
Start importing Assets/Mirror/Components/InterestManagement/Match/MatchInterestManagement.cs using Guid(d09f5c8bf2f4747b7a9284ef5d9ce2a7) Importer(2089858483,0ecaa5967403d082aa24f35e1b516d23) Generated GUIDs only implemented for interfaces!
 -> (artifact id: '1467adeba38ae25b4290d5261e602ac8') in 0.015150 seconds 
========================================================================
Received Import Request.
  Time since last request: 0.000043 seconds.
  path: Assets/Mirror/Editor/Weaver/EntryPointILPostProcessor/ILPostProcessorReflectionImporter.cs
  artifactKey: Guid(6403a7e3b3ae4e009ae282f111d266e0) Importer(2089858483,0ecaa5967403d082aa24f35e1b516d23)
Start importing Assets/Mirror/Editor/Weaver/EntryPointILPostProcessor/ILPostProcessorReflectionImporter.cs using Guid(6403a7e3b3ae4e009ae282f111d266e0) Importer(2089858483,0ecaa5967403d082aa24f35e1b516d23) Generated GUIDs only implemented for interfaces!
 -> (artifact id: '20ae3160ce306a47fc029d1fd5d5e013') in 0.011359 seconds 
========================================================================
Received Import Request.
  Time since last request: 0.000040 seconds.
  path: Assets/Mirror/Examples/AdditiveLevels/Prefabs/Portal.prefab
  artifactKey: Guid(c624c75494b4d7d4086b9212f897e56a) Importer(2089858483,0ecaa5967403d082aa24f35e1b516d23)
Start importing Assets/Mirror/Examples/AdditiveLevels/Prefabs/Portal.prefab using Guid(c624c75494b4d7d4086b9212f897e56a) Importer(2089858483,0ecaa5967403d082aa24f35e1b516d23) Generated GUIDs only implemented for interfaces!
 -> (artifact id: '0311d0f86f4f6a52b07862cedbf5b4f8') in 0.071528 seconds 
========================================================================
Received Import Request.
  Time since last request: 0.069216 seconds.
  path: Assets/Mirror/Examples/AdditiveScenes/Materials/Cube.mat
  artifactKey: Guid(1d5f3015968dad04780bf9d2113cc772) Importer(2089858483,0ecaa5967403d082aa24f35e1b516d23)
Start importing Assets/Mirror/Examples/AdditiveScenes/Materials/Cube.mat using Guid(1d5f3015968dad04780bf9d2113cc772) Importer(2089858483,0ecaa5967403d082aa24f35e1b516d23) Generated GUIDs only implemented for interfaces!
 -> (artifact id: '9069bbaf34dfd6257bd318c0067c0b92') in 0.020827 seconds 
========================================================================
Received Import Request.
  Time since last request: 0.000047 seconds.
  path: Assets/Mirror/Examples/Benchmark/Prefabs/Player.prefab
  artifactKey: Guid(e1299008405d14b17b1ca459a6cd44a2) Importer(2089858483,0ecaa5967403d082aa24f35e1b516d23)
Start importing Assets/Mirror/Examples/Benchmark/Prefabs/Player.prefab using Guid(e1299008405d14b17b1ca459a6cd44a2) Importer(2089858483,0ecaa5967403d082aa24f35e1b516d23) Generated GUIDs only implemented for interfaces!
 -> (artifact id: '70e8de9e305cecff9b2b1c55f0d94ee8') in 0.031051 seconds 
========================================================================
Received Import Request.
  Time since last request: 0.000048 seconds.
  path: Assets/Mirror/Examples/Pong/Prefabs/Ball.prefab
  artifactKey: Guid(5f7a7f34494ed40268eff49dbf9168bf) Importer(2089858483,0ecaa5967403d082aa24f35e1b516d23)
Start importing Assets/Mirror/Examples/Pong/Prefabs/Ball.prefab using Guid(5f7a7f34494ed40268eff49dbf9168bf) Importer(2089858483,0ecaa5967403d082aa24f35e1b516d23) Generated GUIDs only implemented for interfaces!
 -> (artifact id: '06d393849a8e5abe188cd416129de0f3') in 0.031597 seconds 
========================================================================
Received Import Request.
  Time since last request: 0.000054 seconds.
  path: Assets/Mirror/Runtime/Empty/Cloud/ListServerServerApi.cs
  artifactKey: Guid(675f0d0fd4e82b04290c4d30c8d78ede) Importer(2089858483,0ecaa5967403d082aa24f35e1b516d23)
Start importing Assets/Mirror/Runtime/Empty/Cloud/ListServerServerApi.cs using Guid(675f0d0fd4e82b04290c4d30c8d78ede) Importer(2089858483,0ecaa5967403d082aa24f35e1b516d23) Generated GUIDs only implemented for interfaces!
 -> (artifact id: 'a9ac414c15a1451d44a4f14cb6c0a196') in 0.009642 seconds 
========================================================================
Received Import Request.
  Time since last request: 0.000065 seconds.
  path: Assets/Mirror/Examples/Tanks/Scenes/Scene.unity
  artifactKey: Guid(83f9d2fb76f5742448c6e51f258327a2) Importer(2089858483,0ecaa5967403d082aa24f35e1b516d23)
Start importing Assets/Mirror/Examples/Tanks/Scenes/Scene.unity using Guid(83f9d2fb76f5742448c6e51f258327a2) Importer(2089858483,0ecaa5967403d082aa24f35e1b516d23) Generated GUIDs only implemented for interfaces!
 -> (artifact id: '66192420a89e91f3b22713cd92b254d8') in 0.007485 seconds 
========================================================================
Received Import Request.
  Time since last request: 0.000024 seconds.
  path: Assets/Mirror/Examples/MultipleMatches/Scenes/Main.unity
  artifactKey: Guid(aa1f875396fa7d348a782cebc2f75d7c) Importer(2089858483,0ecaa5967403d082aa24f35e1b516d23)
Start importing Assets/Mirror/Examples/MultipleMatches/Scenes/Main.unity using Guid(aa1f875396fa7d348a782cebc2f75d7c) Importer(2089858483,0ecaa5967403d082aa24f35e1b516d23) Generated GUIDs only implemented for interfaces!
 -> (artifact id: '4b2b4417c69c0d2c71945826e1e9ccb8') in 0.010964 seconds 
========================================================================
Received Import Request.
  Time since last request: 0.000026 seconds.
  path: Assets/Mirror/Examples/Room/Scripts/Reward.cs
  artifactKey: Guid(a22f9eb8ebad79e47babf4c051a714ee) Importer(2089858483,0ecaa5967403d082aa24f35e1b516d23)
Start importing Assets/Mirror/Examples/Room/Scripts/Reward.cs using Guid(a22f9eb8ebad79e47babf4c051a714ee) Importer(2089858483,0ecaa5967403d082aa24f35e1b516d23) Generated GUIDs only implemented for interfaces!
 -> (artifact id: 'd62cc6483d6724661cf05996e2b72f48') in 0.012024 seconds 
========================================================================
Received Import Request.
  Time since last request: 0.000030 seconds.
  path: Assets/Mirror/Examples/AdditiveScenes/Prefabs/Tank.prefab
  artifactKey: Guid(ab222ed73ada1ac4ba2f61e843d7627c) Importer(2089858483,0ecaa5967403d082aa24f35e1b516d23)
Start importing Assets/Mirror/Examples/AdditiveScenes/Prefabs/Tank.prefab using Guid(ab222ed73ada1ac4ba2f61e843d7627c) Importer(2089858483,0ecaa5967403d082aa24f35e1b516d23) Generated GUIDs only implemented for interfaces!
 -> (artifact id: '447dd8362c2c56b0afb3f78a81ffdafd') in 0.026279 seconds 
========================================================================
Received Import Request.
  Time since last request: 0.000028 seconds.
  path: Assets/Mirror/Examples/AdditiveScenes/Prefabs/Player.prefab
  artifactKey: Guid(a5bdca0a2315d43499be7dcef473fbc7) Importer(2089858483,0ecaa5967403d082aa24f35e1b516d23)
Start importing Assets/Mirror/Examples/AdditiveScenes/Prefabs/Player.prefab using Guid(a5bdca0a2315d43499be7dcef473fbc7) Importer(2089858483,0ecaa5967403d082aa24f35e1b516d23) Generated GUIDs only implemented for interfaces!
 -> (artifact id: '05748a5b2fa8f0e40cc7cf0a317fc802') in 0.032863 seconds 
========================================================================
Received Import Request.
  Time since last request: 0.000037 seconds.
  path: Assets/Mirror/Runtime/Empty/Cloud/Events.cs
  artifactKey: Guid(c7c472a3ea1bc4348bd5a0b05bf7cc3b) Importer(2089858483,0ecaa5967403d082aa24f35e1b516d23)
Start importing Assets/Mirror/Runtime/Empty/Cloud/Events.cs using Guid(c7c472a3ea1bc4348bd5a0b05bf7cc3b) Importer(2089858483,0ecaa5967403d082aa24f35e1b516d23) Generated GUIDs only implemented for interfaces!
 -> (artifact id: '5bf6e70781c0c3f4bd7b3bd776eae728') in 0.011626 seconds 
========================================================================
Received Import Request.
  Time since last request: 0.000043 seconds.
  path: Assets/Mirror/Examples/Pong/Sprites/WallVertical.png
  artifactKey: Guid(0f2833a292a197d4fb0385a8efa1dc91) Importer(2089858483,0ecaa5967403d082aa24f35e1b516d23)
Start importing Assets/Mirror/Examples/Pong/Sprites/WallVertical.png using Guid(0f2833a292a197d4fb0385a8efa1dc91) Importer(2089858483,0ecaa5967403d082aa24f35e1b516d23) Generated GUIDs only implemented for interfaces!
 -> (artifact id: '9f03be8dff5b1be0f537d1950cdccf97') in 0.054683 seconds 
========================================================================
Received Import Request.
  Time since last request: 0.000044 seconds.
  path: Assets/Mirror/Examples/Chat/Scenes/Main.unity
  artifactKey: Guid(f4e8d4de4484e44bba666f2d1f66c73e) Importer(2089858483,0ecaa5967403d082aa24f35e1b516d23)
Start importing Assets/Mirror/Examples/Chat/Scenes/Main.unity using Guid(f4e8d4de4484e44bba666f2d1f66c73e) Importer(2089858483,0ecaa5967403d082aa24f35e1b516d23) Generated GUIDs only implemented for interfaces!
 -> (artifact id: '9df1a1996cb2dc791d6c1803f922d45f') in 0.008882 seconds 
========================================================================
Received Import Request.
  Time since last request: 0.000030 seconds.
  path: Assets/Mirror/Examples/AdditiveScenes/Scripts/PlayerController.cs
  artifactKey: Guid(e8f68561248aaca4fb96847ce24742ee) Importer(2089858483,0ecaa5967403d082aa24f35e1b516d23)
Start importing Assets/Mirror/Examples/AdditiveScenes/Scripts/PlayerController.cs using Guid(e8f68561248aaca4fb96847ce24742ee) Importer(2089858483,0ecaa5967403d082aa24f35e1b516d23) Generated GUIDs only implemented for interfaces!
 -> (artifact id: '9558fce783c20901ebe69233b58787fc') in 0.008473 seconds 
========================================================================
Received Import Request.
  Time since last request: 0.000028 seconds.
  path: Assets/Mirror/Examples/Room/Prefabs/GamePlayer.prefab
  artifactKey: Guid(21daf89214c6ee443ad6875b73083c60) Importer(2089858483,0ecaa5967403d082aa24f35e1b516d23)
Start importing Assets/Mirror/Examples/Room/Prefabs/GamePlayer.prefab using Guid(21daf89214c6ee443ad6875b73083c60) Importer(2089858483,0ecaa5967403d082aa24f35e1b516d23) Generated GUIDs only implemented for interfaces!
 -> (artifact id: 'e3129210f5035690e37e5de656a4f119') in 0.024278 seconds 
========================================================================
Received Import Request.
  Time since last request: 0.000030 seconds.
  path: Assets/Mirror/Examples/Tanks/Scripts/FaceCamera.cs
  artifactKey: Guid(afa2d590c474413d9fc183551385ed85) Importer(2089858483,0ecaa5967403d082aa24f35e1b516d23)
Start importing Assets/Mirror/Examples/Tanks/Scripts/FaceCamera.cs using Guid(afa2d590c474413d9fc183551385ed85) Importer(2089858483,0ecaa5967403d082aa24f35e1b516d23) Generated GUIDs only implemented for interfaces!
 -> (artifact id: 'b6d12e5598cb48a63ce1d33b17ef0d95') in 0.009454 seconds 
========================================================================
Received Import Request.
  Time since last request: 0.000036 seconds.
  path: Assets/Mirror/Runtime/Transports/KCP/kcp2k/kcp/Kcp.cs
  artifactKey: Guid(a59b1cae10a334faf807432ab472f212) Importer(2089858483,0ecaa5967403d082aa24f35e1b516d23)
Start importing Assets/Mirror/Runtime/Transports/KCP/kcp2k/kcp/Kcp.cs using Guid(a59b1cae10a334faf807432ab472f212) Importer(2089858483,0ecaa5967403d082aa24f35e1b516d23) Generated GUIDs only implemented for interfaces!
 -> (artifact id: 'ab8f6db8edfd5cff0a3052fce241eb7e') in 0.012347 seconds 
========================================================================
Received Import Request.
  Time since last request: 0.000034 seconds.
  path: Assets/Samples/Mixed Reality Toolkit Examples/2.8.1/Demos - UX/Slate/SlateExample.unity
  artifactKey: Guid(86e8b0c6246dbb74aa04ecd40a57d89c) Importer(2089858483,0ecaa5967403d082aa24f35e1b516d23)
Start importing Assets/Samples/Mixed Reality Toolkit Examples/2.8.1/Demos - UX/Slate/SlateExample.unity using Guid(86e8b0c6246dbb74aa04ecd40a57d89c) Importer(2089858483,0ecaa5967403d082aa24f35e1b516d23) Generated GUIDs only implemented for interfaces!
 -> (artifact id: 'f8d3e3ae9a24e78c8672230efce5f560') in 0.010058 seconds 
========================================================================
Received Import Request.
  Time since last request: 0.000046 seconds.
  path: Assets/Samples/Mixed Reality Toolkit Examples/2.8.1/Demos - UX/BoundsControl/Scenes/BoundsControlExamples.unity
  artifactKey: Guid(1e660854cfb3955469bbe155141377b3) Importer(2089858483,0ecaa5967403d082aa24f35e1b516d23)
Start importing Assets/Samples/Mixed Reality Toolkit Examples/2.8.1/Demos - UX/BoundsControl/Scenes/BoundsControlExamples.unity using Guid(1e660854cfb3955469bbe155141377b3) Importer(2089858483,0ecaa5967403d082aa24f35e1b516d23) Generated GUIDs only implemented for interfaces!
 -> (artifact id: '07c8cd2bb52ef719d19390487e105c3c') in 0.011437 seconds 
========================================================================
Received Import Request.
  Time since last request: 0.000041 seconds.
  path: Assets/Mirror/Runtime/Transports/KCP/kcp2k/kcp/AssemblyInfo.cs
  artifactKey: Guid(aec6a15ac7bd43129317ea1f01f19782) Importer(2089858483,0ecaa5967403d082aa24f35e1b516d23)
Start importing Assets/Mirror/Runtime/Transports/KCP/kcp2k/kcp/AssemblyInfo.cs using Guid(aec6a15ac7bd43129317ea1f01f19782) Importer(2089858483,0ecaa5967403d082aa24f35e1b516d23) Generated GUIDs only implemented for interfaces!
 -> (artifact id: 'ede8284233ad1f619943f4feca2a48e8') in 0.012600 seconds 
========================================================================
Received Import Request.
  Time since last request: 0.000033 seconds.
  path: Assets/Mirror/Examples/MultipleAdditiveScenes/Materials/Physics/RoomBounce.physicMaterial
  artifactKey: Guid(2e179c076d5d0924dbf5a2de0630bdb1) Importer(2089858483,0ecaa5967403d082aa24f35e1b516d23)
Start importing Assets/Mirror/Examples/MultipleAdditiveScenes/Materials/Physics/RoomBounce.physicMaterial using Guid(2e179c076d5d0924dbf5a2de0630bdb1) Importer(2089858483,0ecaa5967403d082aa24f35e1b516d23) Generated GUIDs only implemented for interfaces!
 -> (artifact id: '86061bda63a3fcdf5c524169b9e51c18') in 0.017278 seconds 
========================================================================
Received Import Request.
  Time since last request: 0.000043 seconds.
  path: Assets/Samples/Mixed Reality Toolkit Examples/2.8.1/Demos - UX/Dwell/DwellExample.unity
  artifactKey: Guid(214a3eff40efe654484f95e0bcb7d473) Importer(2089858483,0ecaa5967403d082aa24f35e1b516d23)
Start importing Assets/Samples/Mixed Reality Toolkit Examples/2.8.1/Demos - UX/Dwell/DwellExample.unity using Guid(214a3eff40efe654484f95e0bcb7d473) Importer(2089858483,0ecaa5967403d082aa24f35e1b516d23) Generated GUIDs only implemented for interfaces!
 -> (artifact id: '93927010dd63fdcd8114098d40a07c2f') in 0.010332 seconds 
========================================================================
Received Import Request.
  Time since last request: 0.000030 seconds.
  path: Assets/Mirror/Examples/MultipleAdditiveScenes/Materials/Render/Player.mat
  artifactKey: Guid(2089070a3452e6f4d866c53e51aae8f2) Importer(2089858483,0ecaa5967403d082aa24f35e1b516d23)
Start importing Assets/Mirror/Examples/MultipleAdditiveScenes/Materials/Render/Player.mat using Guid(2089070a3452e6f4d866c53e51aae8f2) Importer(2089858483,0ecaa5967403d082aa24f35e1b516d23) Generated GUIDs only implemented for interfaces!
 -> (artifact id: 'e62504a119fa30dab94e355ecd1c62ab') in 0.015425 seconds 
========================================================================
Received Import Request.
  Time since last request: 0.000044 seconds.
  path: Assets/Mirror/Runtime/Transports/SimpleWebTransport/Client/SimpleWebClient.cs
  artifactKey: Guid(13131761a0bf5a64dadeccd700fe26e5) Importer(2089858483,0ecaa5967403d082aa24f35e1b516d23)
Start importing Assets/Mirror/Runtime/Transports/SimpleWebTransport/Client/SimpleWebClient.cs using Guid(13131761a0bf5a64dadeccd700fe26e5) Importer(2089858483,0ecaa5967403d082aa24f35e1b516d23) Generated GUIDs only implemented for interfaces!
 -> (artifact id: '35c37752809532aaa2c95771ef528df8') in 0.012006 seconds 
========================================================================
Received Import Request.
  Time since last request: 0.000033 seconds.
  path: Assets/Mirror/Runtime/Transports/SimpleWebTransport/Common/TcpConfig.cs
  artifactKey: Guid(81ac8d35f28fab14b9edda5cd9d4fc86) Importer(2089858483,0ecaa5967403d082aa24f35e1b516d23)
Start importing Assets/Mirror/Runtime/Transports/SimpleWebTransport/Common/TcpConfig.cs using Guid(81ac8d35f28fab14b9edda5cd9d4fc86) Importer(2089858483,0ecaa5967403d082aa24f35e1b516d23) Generated GUIDs only implemented for interfaces!
 -> (artifact id: '4def244c0f8a994b36499cc44f78a543') in 0.012661 seconds 
========================================================================
Received Import Request.
  Time since last request: 0.000031 seconds.
  path: Assets/Mirror/Runtime/Transports/Telepathy/Telepathy/Log.cs
  artifactKey: Guid(0a123d054bef34d059057ac2ce936605) Importer(2089858483,0ecaa5967403d082aa24f35e1b516d23)
Start importing Assets/Mirror/Runtime/Transports/Telepathy/Telepathy/Log.cs using Guid(0a123d054bef34d059057ac2ce936605) Importer(2089858483,0ecaa5967403d082aa24f35e1b516d23) Generated GUIDs only implemented for interfaces!
 -> (artifact id: '2b92b4e04e805be4b606791b36c1519d') in 0.009663 seconds 
========================================================================
Received Import Request.
  Time since last request: 0.000035 seconds.
  path: Assets/Mirror/Runtime/Empty/Logging/LogFactory.cs
  artifactKey: Guid(d06522432d5a44e1587967a4731cd279) Importer(2089858483,0ecaa5967403d082aa24f35e1b516d23)
Start importing Assets/Mirror/Runtime/Empty/Logging/LogFactory.cs using Guid(d06522432d5a44e1587967a4731cd279) Importer(2089858483,0ecaa5967403d082aa24f35e1b516d23) Generated GUIDs only implemented for interfaces!
 -> (artifact id: 'b4e43fbe8d99520664122cfe68720e89') in 0.010030 seconds 
========================================================================
Received Import Request.
  Time since last request: 0.000042 seconds.
  path: Assets/Mirror/Runtime/Transports/Telepathy/Telepathy/Empty/SafeQueue.cs
  artifactKey: Guid(8fc06e2fb29854a0c9e90c0188d36a08) Importer(2089858483,0ecaa5967403d082aa24f35e1b516d23)
Start importing Assets/Mirror/Runtime/Transports/Telepathy/Telepathy/Empty/SafeQueue.cs using Guid(8fc06e2fb29854a0c9e90c0188d36a08) Importer(2089858483,0ecaa5967403d082aa24f35e1b516d23) Generated GUIDs only implemented for interfaces!
 -> (artifact id: '122af958893a36adbc555d74e37e457a') in 0.010064 seconds 
========================================================================
Received Import Request.
  Time since last request: 0.000036 seconds.
  path: Assets/Mirror/Runtime/Transports/Telepathy/Telepathy/Empty/ThreadExtensions.cs
  artifactKey: Guid(64df4eaebe4ff9a43a9fb318c3e8e321) Importer(2089858483,0ecaa5967403d082aa24f35e1b516d23)
Start importing Assets/Mirror/Runtime/Transports/Telepathy/Telepathy/Empty/ThreadExtensions.cs using Guid(64df4eaebe4ff9a43a9fb318c3e8e321) Importer(2089858483,0ecaa5967403d082aa24f35e1b516d23) Generated GUIDs only implemented for interfaces!
 -> (artifact id: 'f04f8b8e4fa1980e3bde952c924b9486') in 0.010663 seconds 
========================================================================
Received Import Request.
  Time since last request: 0.000045 seconds.
  path: Assets/Mirror/Runtime/Transports/KCP/kcp2k/highlevel/Log.cs
  artifactKey: Guid(7b5e1de98d6d84c3793a61cf7d8da9a4) Importer(2089858483,0ecaa5967403d082aa24f35e1b516d23)
Start importing Assets/Mirror/Runtime/Transports/KCP/kcp2k/highlevel/Log.cs using Guid(7b5e1de98d6d84c3793a61cf7d8da9a4) Importer(2089858483,0ecaa5967403d082aa24f35e1b516d23) Generated GUIDs only implemented for interfaces!
 -> (artifact id: '7d6cc73f08fb7efbc0cf9e50254803ce') in 0.008227 seconds 
========================================================================
Received Import Request.
  Time since last request: 0.000038 seconds.
  path: Assets/Mirror/Runtime/Transports/KCP/kcp2k/kcp/Segment.cs
  artifactKey: Guid(fc58706a05dd3442c8fde858d5266855) Importer(2089858483,0ecaa5967403d082aa24f35e1b516d23)
Start importing Assets/Mirror/Runtime/Transports/KCP/kcp2k/kcp/Segment.cs using Guid(fc58706a05dd3442c8fde858d5266855) Importer(2089858483,0ecaa5967403d082aa24f35e1b516d23) Generated GUIDs only implemented for interfaces!
 -> (artifact id: 'f8ece6d9c7f33dfab337f8b09803baa9') in 0.009555 seconds 
========================================================================
Received Import Request.
  Time since last request: 0.000046 seconds.
  path: Assets/Mirror/Examples/Tanks/Textures/(Public Domain) Dirt Hand Painted Texture/dirt.png
  artifactKey: Guid(bcc8fc05f1f924531a65f39394c0b703) Importer(2089858483,0ecaa5967403d082aa24f35e1b516d23)
Start importing Assets/Mirror/Examples/Tanks/Textures/(Public Domain) Dirt Hand Painted Texture/dirt.png using Guid(bcc8fc05f1f924531a65f39394c0b703) Importer(2089858483,0ecaa5967403d082aa24f35e1b516d23) Generated GUIDs only implemented for interfaces!
 -> (artifact id: '41ad2e7655a7b3f24cf23b366e940183') in 0.019867 seconds 
========================================================================
Received Import Request.
  Time since last request: 0.000053 seconds.
  path: Assets/Mirror/Runtime/Transports/SimpleWebTransport/Client/StandAlone/WebSocketClientStandAlone.cs
  artifactKey: Guid(05a9c87dea309e241a9185e5aa0d72ab) Importer(2089858483,0ecaa5967403d082aa24f35e1b516d23)
Start importing Assets/Mirror/Runtime/Transports/SimpleWebTransport/Client/StandAlone/WebSocketClientStandAlone.cs using Guid(05a9c87dea309e241a9185e5aa0d72ab) Importer(2089858483,0ecaa5967403d082aa24f35e1b516d23) Generated GUIDs only implemented for interfaces!
 -> (artifact id: '31238a646bdb2c096283ec174ce3500d') in 0.009852 seconds 
========================================================================
Received Import Request.
  Time since last request: 0.000034 seconds.
  path: Assets/Mirror/Examples/Room/Materials/Prize.mat
  artifactKey: Guid(a1d7c9f39b41d414d86e64f7761cd545) Importer(2089858483,0ecaa5967403d082aa24f35e1b516d23)
Start importing Assets/Mirror/Examples/Room/Materials/Prize.mat using Guid(a1d7c9f39b41d414d86e64f7761cd545) Importer(2089858483,0ecaa5967403d082aa24f35e1b516d23) Generated GUIDs only implemented for interfaces!
 -> (artifact id: 'cd06bbff500d773f5060feebe4bfb684') in 0.012922 seconds 
========================================================================
Received Import Request.
  Time since last request: 0.000031 seconds.
  path: Assets/Mirror/Runtime/Empty/Cloud/QuitButtonHUD.cs
  artifactKey: Guid(76dab753e7255254687cd57985d8d675) Importer(2089858483,0ecaa5967403d082aa24f35e1b516d23)
Start importing Assets/Mirror/Runtime/Empty/Cloud/QuitButtonHUD.cs using Guid(76dab753e7255254687cd57985d8d675) Importer(2089858483,0ecaa5967403d082aa24f35e1b516d23) Generated GUIDs only implemented for interfaces!
 -> (artifact id: '97384c5c0a838507b2b47d745b8a59d3') in 0.010241 seconds 
========================================================================
Received Import Request.
  Time since last request: 0.000051 seconds.
  path: Assets/Samples/Mixed Reality Toolkit Examples/2.8.1/Demos - UX/ProgressIndicator/Scenes/ProgressIndicatorExamplesSettings.lighting
  artifactKey: Guid(d1863827fda1cb34fb79c90d53014753) Importer(2089858483,0ecaa5967403d082aa24f35e1b516d23)
Start importing Assets/Samples/Mixed Reality Toolkit Examples/2.8.1/Demos - UX/ProgressIndicator/Scenes/ProgressIndicatorExamplesSettings.lighting using Guid(d1863827fda1cb34fb79c90d53014753) Importer(2089858483,0ecaa5967403d082aa24f35e1b516d23) Generated GUIDs only implemented for interfaces!
 -> (artifact id: '4f937e551030af0afb49943f52d59a6a') in 0.035029 seconds 
========================================================================
Received Import Request.
  Time since last request: 0.000044 seconds.
  path: Assets/Samples/Mixed Reality Toolkit Examples/2.8.1/Demos - UX/Interactables/Materials/PhysicalTouchIcon.mat
  artifactKey: Guid(c3863fcd7207ccb44ab3f95079910b77) Importer(2089858483,0ecaa5967403d082aa24f35e1b516d23)
Start importing Assets/Samples/Mixed Reality Toolkit Examples/2.8.1/Demos - UX/Interactables/Materials/PhysicalTouchIcon.mat using Guid(c3863fcd7207ccb44ab3f95079910b77) Importer(2089858483,0ecaa5967403d082aa24f35e1b516d23) Generated GUIDs only implemented for interfaces!
 -> (artifact id: '86193ed7aa4769910275bb19bdea0022') in 0.081587 seconds 
========================================================================
Received Import Request.
  Time since last request: 0.000034 seconds.
  path: Assets/Samples/Mixed Reality Toolkit Examples/2.8.1/Demos - UX/ProgressIndicator/Animation/PIDemoAnimationPlay.anim
  artifactKey: Guid(e397b11366b51384c86a652a29f5d403) Importer(2089858483,0ecaa5967403d082aa24f35e1b516d23)
Start importing Assets/Samples/Mixed Reality Toolkit Examples/2.8.1/Demos - UX/ProgressIndicator/Animation/PIDemoAnimationPlay.anim using Guid(e397b11366b51384c86a652a29f5d403) Importer(2089858483,0ecaa5967403d082aa24f35e1b516d23) Generated GUIDs only implemented for interfaces!
 -> (artifact id: 'd0935bf590ab333674698e4fb7c66413') in 0.018113 seconds 
========================================================================
Received Import Request.
  Time since last request: 0.000062 seconds.
  path: Assets/Samples/Mixed Reality Toolkit Examples/2.8.1/Demos - UX/ManipulationHandler/Scripts/ChangeManipulation.cs
  artifactKey: Guid(4fc9d60754a48fd45ac88fbe3069b4d7) Importer(2089858483,0ecaa5967403d082aa24f35e1b516d23)
Start importing Assets/Samples/Mixed Reality Toolkit Examples/2.8.1/Demos - UX/ManipulationHandler/Scripts/ChangeManipulation.cs using Guid(4fc9d60754a48fd45ac88fbe3069b4d7) Importer(2089858483,0ecaa5967403d082aa24f35e1b516d23) Generated GUIDs only implemented for interfaces!
 -> (artifact id: '6b09f2ae4db81190ad2501ec36d64b4e') in 0.010477 seconds 
========================================================================
Received Import Request.
  Time since last request: 0.000028 seconds.
  path: Assets/Samples/Mixed Reality Toolkit Examples/2.8.1/Demos - UX/ProgressIndicator/Scripts/ProgressIndicatorDemoSceneLoad.cs
  artifactKey: Guid(204186e4353c87040b75b025a3acb433) Importer(2089858483,0ecaa5967403d082aa24f35e1b516d23)
Start importing Assets/Samples/Mixed Reality Toolkit Examples/2.8.1/Demos - UX/ProgressIndicator/Scripts/ProgressIndicatorDemoSceneLoad.cs using Guid(204186e4353c87040b75b025a3acb433) Importer(2089858483,0ecaa5967403d082aa24f35e1b516d23) Generated GUIDs only implemented for interfaces!
 -> (artifact id: '4cd2891f888d614fb8f547cc83d0eb72') in 0.010354 seconds 
========================================================================
Received Import Request.
  Time since last request: 0.000031 seconds.
  path: Assets/Samples/Mixed Reality Toolkit Examples/2.8.1/Demos - UX/Interactables/Textures/PhysicalTouch.png
  artifactKey: Guid(40aaa49670becd54a9a133bfcf2012fb) Importer(2089858483,0ecaa5967403d082aa24f35e1b516d23)
Start importing Assets/Samples/Mixed Reality Toolkit Examples/2.8.1/Demos - UX/Interactables/Textures/PhysicalTouch.png using Guid(40aaa49670becd54a9a133bfcf2012fb) Importer(2089858483,0ecaa5967403d082aa24f35e1b516d23) Generated GUIDs only implemented for interfaces!
 -> (artifact id: '71d067c4b730408c7547dd40a2a94cf0') in 0.021265 seconds 
========================================================================
Received Import Request.
  Time since last request: 0.000027 seconds.
  path: Assets/Samples/Mixed Reality Toolkit Examples/2.8.1/Demos - UX/ProgressIndicator/Scripts/ProgressIndicatorDemoAnimation.cs
  artifactKey: Guid(f5e52e2c55868124988ae4114ae71b49) Importer(2089858483,0ecaa5967403d082aa24f35e1b516d23)
Start importing Assets/Samples/Mixed Reality Toolkit Examples/2.8.1/Demos - UX/ProgressIndicator/Scripts/ProgressIndicatorDemoAnimation.cs using Guid(f5e52e2c55868124988ae4114ae71b49) Importer(2089858483,0ecaa5967403d082aa24f35e1b516d23) Generated GUIDs only implemented for interfaces!
 -> (artifact id: 'cacf9892eea1ada52621f6cb785ca0a3') in 0.009588 seconds 
========================================================================
Received Import Request.
  Time since last request: 0.000039 seconds.
  path: Assets/Mirror/Runtime/Empty/Cloud/IRequestCreator.cs
  artifactKey: Guid(b80b95532a9d6e8418aa676a261e4f69) Importer(2089858483,0ecaa5967403d082aa24f35e1b516d23)
Start importing Assets/Mirror/Runtime/Empty/Cloud/IRequestCreator.cs using Guid(b80b95532a9d6e8418aa676a261e4f69) Importer(2089858483,0ecaa5967403d082aa24f35e1b516d23) Generated GUIDs only implemented for interfaces!
 -> (artifact id: 'c7233e7466a0243d173c9d740aec1a53') in 0.009574 seconds 
========================================================================
Received Import Request.
  Time since last request: 0.000042 seconds.
  path: Assets/Mirror/Examples/RigidbodyPhysics/Materials/Blue.mat
  artifactKey: Guid(84335f003ad8f42408d13787e76d4f94) Importer(2089858483,0ecaa5967403d082aa24f35e1b516d23)
Start importing Assets/Mirror/Examples/RigidbodyPhysics/Materials/Blue.mat using Guid(84335f003ad8f42408d13787e76d4f94) Importer(2089858483,0ecaa5967403d082aa24f35e1b516d23) Generated GUIDs only implemented for interfaces!
 -> (artifact id: 'a2ec7038152249da7895f742672e02b0') in 0.016264 seconds 
========================================================================
Received Import Request.
  Time since last request: 0.000046 seconds.
  path: Assets/Mirror/Examples/MultipleAdditiveScenes/Scripts/MultiSceneNetManager.cs
  artifactKey: Guid(b982a1fd37427e64e8310a863d03d2c9) Importer(2089858483,0ecaa5967403d082aa24f35e1b516d23)
Start importing Assets/Mirror/Examples/MultipleAdditiveScenes/Scripts/MultiSceneNetManager.cs using Guid(b982a1fd37427e64e8310a863d03d2c9) Importer(2089858483,0ecaa5967403d082aa24f35e1b516d23) Generated GUIDs only implemented for interfaces!
 -> (artifact id: 'b91427f8d37b7856e096d0cb56430155') in 0.011645 seconds 
Editor requested this worker to shutdown with reason: Scaling down because of idle timeout
AssetImportWorker is now disconnected from the server
Process exiting
Exiting without the bug reporter. Application will terminate with return code 0