Using pre-set license
Built from '2021.3/staging' branch; Version is '2021.3.5f1 (40eb3a945986) revision 4254522'; Using compiler version '192829333'; Build Type 'Release'
OS: 'Windows 10  (10.0.19042) 64bit Professional' Language: 'en' Physical Memory: 32681 MB
BatchMode: 1, IsHumanControllingUs: 0, StartBugReporterOnCrash: 0, Is64bit: 1, IsPro: 1

COMMAND LINE ARGUMENTS:
C:\Program Files\Unity\Hub\Editor\2021.3.5f1\Editor\Unity.exe
-adb2
-batchMode
-noUpm
-name
AssetImportWorker2
-projectPath
C:/Users/nicka/OneDrive/Documents/GitHub/MizzouCampus/MizzouCampusOnline
-logFile
Logs/AssetImportWorker2.log
-srvPort
65528
Successfully changed project path to: C:/Users/nicka/OneDrive/Documents/GitHub/MizzouCampus/MizzouCampusOnline
C:/Users/nicka/OneDrive/Documents/GitHub/MizzouCampus/MizzouCampusOnline
[UnityMemory] Configuration Parameters - Can be set up in boot.config
    "memorysetup-bucket-allocator-granularity=16"
    "memorysetup-bucket-allocator-bucket-count=8"
    "memorysetup-bucket-allocator-block-size=33554432"
    "memorysetup-bucket-allocator-block-count=8"
    "memorysetup-main-allocator-block-size=16777216"
    "memorysetup-thread-allocator-block-size=16777216"
    "memorysetup-gfx-main-allocator-block-size=16777216"
    "memorysetup-gfx-thread-allocator-block-size=16777216"
    "memorysetup-cache-allocator-block-size=4194304"
    "memorysetup-typetree-allocator-block-size=2097152"
    "memorysetup-profiler-bucket-allocator-granularity=16"
    "memorysetup-profiler-bucket-allocator-bucket-count=8"
    "memorysetup-profiler-bucket-allocator-block-size=33554432"
    "memorysetup-profiler-bucket-allocator-block-count=8"
    "memorysetup-profiler-allocator-block-size=16777216"
    "memorysetup-profiler-editor-allocator-block-size=1048576"
    "memorysetup-temp-allocator-size-main=16777216"
    "memorysetup-job-temp-allocator-block-size=2097152"
    "memorysetup-job-temp-allocator-block-size-background=1048576"
    "memorysetup-job-temp-allocator-reduction-small-platforms=262144"
    "memorysetup-temp-allocator-size-background-worker=32768"
    "memorysetup-temp-allocator-size-job-worker=262144"
    "memorysetup-temp-allocator-size-preload-manager=33554432"
    "memorysetup-temp-allocator-size-nav-mesh-worker=65536"
    "memorysetup-temp-allocator-size-audio-worker=65536"
    "memorysetup-temp-allocator-size-cloud-worker=32768"
    "memorysetup-temp-allocator-size-gi-baking-worker=262144"
    "memorysetup-temp-allocator-size-gfx=262144"
Refreshing native plugins compatible for Editor in 197.17 ms, found 15 plugins.
Preloading 1 native plugins for Editor in 1.09 ms.
Initialize engine version: 2021.3.5f1 (40eb3a945986)
[Subsystems] Discovering subsystems at path C:/Program Files/Unity/Hub/Editor/2021.3.5f1/Editor/Data/Resources/UnitySubsystems
[Subsystems] Discovering subsystems at path C:/Users/nicka/OneDrive/Documents/GitHub/MizzouCampus/MizzouCampusOnline/Assets
GfxDevice: creating device client; threaded=0; jobified=0
Direct3D:
    Version:  Direct3D 11.0 [level 11.1]
    Renderer: NVIDIA GeForce RTX 3090 (ID=0x2204)
    Vendor:   NVIDIA
    VRAM:     24348 MB
    Driver:   30.0.15.1179
Initialize mono
Mono path[0] = 'C:/Program Files/Unity/Hub/Editor/2021.3.5f1/Editor/Data/Managed'
Mono path[1] = 'C:/Program Files/Unity/Hub/Editor/2021.3.5f1/Editor/Data/MonoBleedingEdge/lib/mono/unityjit-win32'
Mono config path = 'C:/Program Files/Unity/Hub/Editor/2021.3.5f1/Editor/Data/MonoBleedingEdge/etc'
Using monoOptions --debugger-agent=transport=dt_socket,embedding=1,server=y,suspend=n,address=127.0.0.1:56836
Begin MonoManager ReloadAssembly
Registering precompiled unity dll's ...
Register platform support module: C:/Program Files/Unity/Hub/Editor/2021.3.5f1/Editor/Data/PlaybackEngines/MacStandaloneSupport/UnityEditor.OSXStandalone.Extensions.dll
Register platform support module: C:/Program Files/Unity/Hub/Editor/2021.3.5f1/Editor/Data/PlaybackEngines/WindowsStandaloneSupport/UnityEditor.WindowsStandalone.Extensions.dll
Register platform support module: C:/Program Files/Unity/Hub/Editor/2021.3.5f1/Editor/Data/PlaybackEngines/LinuxStandaloneSupport/UnityEditor.LinuxStandalone.Extensions.dll
Register platform support module: C:/Program Files/Unity/Hub/Editor/2021.3.5f1/Editor/Data/PlaybackEngines/MetroSupport/UnityEditor.UWP.Extensions.dll
Registered in 0.008428 seconds.
Native extension for UWP target not found
Native extension for LinuxStandalone target not found
Native extension for WindowsStandalone target not found
Native extension for OSXStandalone target not found
Refreshing native plugins compatible for Editor in 192.02 ms, found 15 plugins.
Preloading 1 native plugins for Editor in 0.08 ms.
Mono: successfully reloaded assembly
- Completed reload, in  0.857 seconds
Domain Reload Profiling:
	ReloadAssembly (858ms)
		BeginReloadAssembly (78ms)
			ExecutionOrderSort (0ms)
			DisableScriptedObjects (0ms)
			BackupInstance (0ms)
			ReleaseScriptingObjects (0ms)
			CreateAndSetChildDomain (1ms)
		EndReloadAssembly (655ms)
			LoadAssemblies (77ms)
			RebuildTransferFunctionScriptingTraits (0ms)
			SetupTypeCache (130ms)
			ReleaseScriptCaches (0ms)
			RebuildScriptCaches (37ms)
			SetupLoadedEditorAssemblies (423ms)
				LogAssemblyErrors (0ms)
				InitializePlatformSupportModulesInManaged (18ms)
				SetLoadedEditorAssemblies (0ms)
				RefreshPlugins (192ms)
				BeforeProcessingInitializeOnLoad (1ms)
				ProcessInitializeOnLoadAttributes (157ms)
				ProcessInitializeOnLoadMethodAttributes (54ms)
				AfterProcessingInitializeOnLoad (0ms)
				EditorAssembliesLoaded (0ms)
			ExecutionOrderSort2 (0ms)
			AwakeInstancesAfterBackupRestoration (0ms)
Platform modules already initialized, skipping
Registering precompiled user dll's ...
Registered in 0.019559 seconds.
Begin MonoManager ReloadAssembly
Symbol file LoadedFromMemory doesn't match image C:\Users\nicka\OneDrive\Documents\GitHub\MizzouCampus\MizzouCampusOnline\Library\PackageCache\com.unity.visualscripting@1.7.8\Editor\VisualScripting.Core\Dependencies\DotNetZip\Unity.VisualScripting.IonicZip.dll
Symbol file LoadedFromMemory doesn't match image C:\Users\nicka\OneDrive\Documents\GitHub\MizzouCampus\MizzouCampusOnline\Library\PackageCache\com.unity.visualscripting@1.7.8\Editor\VisualScripting.Core\Dependencies\YamlDotNet\Unity.VisualScripting.YamlDotNet.dll
Native extension for UWP target not found
Native extension for LinuxStandalone target not found
Native extension for WindowsStandalone target not found
Native extension for OSXStandalone target not found
Refreshing native plugins compatible for Editor in 188.53 ms, found 15 plugins.
Preloading 1 native plugins for Editor in 0.09 ms.
Package Manager log level set to [2]
Mono: successfully reloaded assembly
- Completed reload, in  2.161 seconds
Domain Reload Profiling:
	ReloadAssembly (2162ms)
		BeginReloadAssembly (132ms)
			ExecutionOrderSort (0ms)
			DisableScriptedObjects (8ms)
			BackupInstance (0ms)
			ReleaseScriptingObjects (0ms)
			CreateAndSetChildDomain (24ms)
		EndReloadAssembly (1902ms)
			LoadAssemblies (131ms)
			RebuildTransferFunctionScriptingTraits (0ms)
			SetupTypeCache (439ms)
			ReleaseScriptCaches (2ms)
			RebuildScriptCaches (137ms)
			SetupLoadedEditorAssemblies (1119ms)
				LogAssemblyErrors (0ms)
				InitializePlatformSupportModulesInManaged (19ms)
				SetLoadedEditorAssemblies (0ms)
				RefreshPlugins (189ms)
				BeforeProcessingInitializeOnLoad (233ms)
				ProcessInitializeOnLoadAttributes (619ms)
				ProcessInitializeOnLoadMethodAttributes (52ms)
				AfterProcessingInitializeOnLoad (7ms)
				EditorAssembliesLoaded (0ms)
			ExecutionOrderSort2 (0ms)
			AwakeInstancesAfterBackupRestoration (6ms)
Platform modules already initialized, skipping
========================================================================
Worker process is ready to serve import requests
Launched and connected shader compiler UnityShaderCompiler.exe after 0.11 seconds
Refreshing native plugins compatible for Editor in 2.92 ms, found 15 plugins.
Preloading 1 native plugins for Editor in 0.08 ms.
Unloading 6640 Unused Serialized files (Serialized files now loaded: 0)
Unloading 82 unused Assets / (175.0 KB). Loaded Objects now: 7063.
Memory consumption went from 234.2 MB to 234.0 MB.
Total: 10.230200 ms (FindLiveObjects: 1.840700 ms CreateObjectMapping: 0.735900 ms MarkObjects: 7.307200 ms  DeleteObjects: 0.344900 ms)

AssetImportParameters requested are different than current active one (requested -> active):
  custom:video-decoder-ogg-theora: a1e56fd34408186e4bbccfd4996cb3dc -> 
  custom:container-muxer-webm: aa71ff27fc2769a1b78a27578f13a17b -> 
  custom:container-demuxer-webm: 4f35f7cbe854078d1ac9338744f61a02 -> 
  custom:video-encoder-webm-vp8: eb34c28f22e8b96e1ab97ce403110664 -> 
  custom:audio-encoder-webm-vorbis: bf7c407c2cedff20999df2af8eb42d56 -> 
  custom:framework-win-MediaFoundation: 216162199b28c13a410421893ffa2e32 -> 
  custom:container-demuxer-ogg: 62fdf1f143b41e24485cea50d1cbac27 -> 
  custom:video-decoder-webm-vp8: 9c59270c3fd7afecdb556c50c9e8de78 -> 
  custom:audio-decoder-ogg-vorbis: bf7c407c2cedff20999df2af8eb42d56 -> 
========================================================================
Received Import Request.
  Time since last request: 396.319596 seconds.
  path: Assets/Mirror/Runtime/NetworkStartPosition.cs
  artifactKey: Guid(41f84591ce72545258ea98cb7518d8b9) Importer(2089858483,0ecaa5967403d082aa24f35e1b516d23)
Start importing Assets/Mirror/Runtime/NetworkStartPosition.cs using Guid(41f84591ce72545258ea98cb7518d8b9) Importer(2089858483,0ecaa5967403d082aa24f35e1b516d23) Generated GUIDs only implemented for interfaces!
 -> (artifact id: 'c354c0574bc09e13b4c92f3124b87a69') in 0.143628 seconds 
========================================================================
Received Import Request.
  Time since last request: 0.000031 seconds.
  path: Assets/ScriptTemplates/52-Mirror__Network Behaviour-NewNetworkBehaviour.cs.txt
  artifactKey: Guid(29b2ae9aeacc49b47b711838dd1876a4) Importer(2089858483,0ecaa5967403d082aa24f35e1b516d23)
Start importing Assets/ScriptTemplates/52-Mirror__Network Behaviour-NewNetworkBehaviour.cs.txt using Guid(29b2ae9aeacc49b47b711838dd1876a4) Importer(2089858483,0ecaa5967403d082aa24f35e1b516d23) Generated GUIDs only implemented for interfaces!
 -> (artifact id: '1bacf3fdc8e59bd10e325c75096a7f9f') in 0.022590 seconds 
========================================================================
Received Import Request.
  Time since last request: 0.000028 seconds.
  path: Assets/MRTK/Shaders/InvisibleShader.shader
  artifactKey: Guid(54ea9f30be414d86a7260eceb330c449) Importer(2089858483,0ecaa5967403d082aa24f35e1b516d23)
Start importing Assets/MRTK/Shaders/InvisibleShader.shader using Guid(54ea9f30be414d86a7260eceb330c449) Importer(2089858483,0ecaa5967403d082aa24f35e1b516d23) Generated GUIDs only implemented for interfaces!
 -> (artifact id: '235900007ebe5ff7f119f8119216409f') in 0.028999 seconds 
========================================================================
Received Import Request.
  Time since last request: 0.000032 seconds.
  path: Assets/Mirror/Editor/SyncObjectCollectionsDrawer.cs
  artifactKey: Guid(6f90afab12e04f0e945d83e9d38308a3) Importer(2089858483,0ecaa5967403d082aa24f35e1b516d23)
Start importing Assets/Mirror/Editor/SyncObjectCollectionsDrawer.cs using Guid(6f90afab12e04f0e945d83e9d38308a3) Importer(2089858483,0ecaa5967403d082aa24f35e1b516d23) Generated GUIDs only implemented for interfaces!
 -> (artifact id: '16c3f4ec04f05488319c4915ac88afb7') in 0.011858 seconds 
========================================================================
Received Import Request.
  Time since last request: 0.000060 seconds.
  path: Assets/MRTK/Shaders/MixedRealityStandard.shader
  artifactKey: Guid(5bdea20278144b11916d77503ba1467a) Importer(2089858483,0ecaa5967403d082aa24f35e1b516d23)
Start importing Assets/MRTK/Shaders/MixedRealityStandard.shader using Guid(5bdea20278144b11916d77503ba1467a) Importer(2089858483,0ecaa5967403d082aa24f35e1b516d23) Generated GUIDs only implemented for interfaces!
 -> (artifact id: 'e00cf33b37b7f2d448ffbdc3a2e69719') in 0.023634 seconds 
========================================================================
Received Import Request.
  Time since last request: 0.000032 seconds.
  path: Assets/Mirror/Runtime/InterestManagement.cs
  artifactKey: Guid(41d809934003479f97e992eebb7ed6af) Importer(2089858483,0ecaa5967403d082aa24f35e1b516d23)
Start importing Assets/Mirror/Runtime/InterestManagement.cs using Guid(41d809934003479f97e992eebb7ed6af) Importer(2089858483,0ecaa5967403d082aa24f35e1b516d23) Generated GUIDs only implemented for interfaces!
 -> (artifact id: '7da459451c4e846e2454722ddac2ce31') in 0.016866 seconds 
========================================================================
Received Import Request.
  Time since last request: 0.000032 seconds.
  path: Assets/Mirror/Runtime/LocalConnectionToServer.cs
  artifactKey: Guid(cdfff390c3504158a269e8b8662e2a40) Importer(2089858483,0ecaa5967403d082aa24f35e1b516d23)
Start importing Assets/Mirror/Runtime/LocalConnectionToServer.cs using Guid(cdfff390c3504158a269e8b8662e2a40) Importer(2089858483,0ecaa5967403d082aa24f35e1b516d23) Generated GUIDs only implemented for interfaces!
 -> (artifact id: '930a50e4796f4862298a87ddf50579b3') in 0.013738 seconds 
========================================================================
Received Import Request.
  Time since last request: 0.000025 seconds.
  path: Assets/TextMesh Pro/Shaders/TMPro_Mobile.cginc
  artifactKey: Guid(c334973cef89a9840b0b0c507e0377ab) Importer(2089858483,0ecaa5967403d082aa24f35e1b516d23)
Start importing Assets/TextMesh Pro/Shaders/TMPro_Mobile.cginc using Guid(c334973cef89a9840b0b0c507e0377ab) Importer(2089858483,0ecaa5967403d082aa24f35e1b516d23) Generated GUIDs only implemented for interfaces!
 -> (artifact id: 'ad3156b270a0346d890e7d182620cb29') in 0.016968 seconds 
========================================================================
Received Import Request.
  Time since last request: 0.000032 seconds.
  path: Assets/Mirror/Components/Experimental/NetworkTransformBase.cs
  artifactKey: Guid(ea7c690c4fbf8c4439726f4c62eda6d3) Importer(2089858483,0ecaa5967403d082aa24f35e1b516d23)
Start importing Assets/Mirror/Components/Experimental/NetworkTransformBase.cs using Guid(ea7c690c4fbf8c4439726f4c62eda6d3) Importer(2089858483,0ecaa5967403d082aa24f35e1b516d23) Generated GUIDs only implemented for interfaces!
 -> (artifact id: '6df73bf4124b4d2cae8a8887018b5141') in 0.010660 seconds 
========================================================================
Received Import Request.
  Time since last request: 0.000045 seconds.
  path: Assets/XR/Loaders/Open XR Loader.asset
  artifactKey: Guid(ec076fac15e0ce346818d8263952e6a7) Importer(2089858483,0ecaa5967403d082aa24f35e1b516d23)
Start importing Assets/XR/Loaders/Open XR Loader.asset using Guid(ec076fac15e0ce346818d8263952e6a7) Importer(2089858483,0ecaa5967403d082aa24f35e1b516d23) Generated GUIDs only implemented for interfaces!
 -> (artifact id: '891754b925eb757cd1ad768af29c2210') in 0.023315 seconds 
========================================================================
Received Import Request.
  Time since last request: 0.000052 seconds.
  path: Assets/TextMesh Pro/Documentation/TextMesh Pro User Guide 2016.pdf
  artifactKey: Guid(1b8d251f9af63b746bf2f7ffe00ebb9b) Importer(2089858483,0ecaa5967403d082aa24f35e1b516d23)
Start importing Assets/TextMesh Pro/Documentation/TextMesh Pro User Guide 2016.pdf using Guid(1b8d251f9af63b746bf2f7ffe00ebb9b) Importer(2089858483,0ecaa5967403d082aa24f35e1b516d23) Generated GUIDs only implemented for interfaces!
 -> (artifact id: '7611c09751c7e644557ce4e4d0488425') in 0.017929 seconds 
========================================================================
Received Import Request.
  Time since last request: 0.000042 seconds.
  path: Assets/TextMesh Pro/Shaders/TMP_SDF-Mobile Masking.shader
  artifactKey: Guid(bc1ede39bf3643ee8e493720e4259791) Importer(2089858483,0ecaa5967403d082aa24f35e1b516d23)
Start importing Assets/TextMesh Pro/Shaders/TMP_SDF-Mobile Masking.shader using Guid(bc1ede39bf3643ee8e493720e4259791) Importer(2089858483,0ecaa5967403d082aa24f35e1b516d23) Generated GUIDs only implemented for interfaces!
 -> (artifact id: '21f1350cf2178f49c4a5921b14a67a4c') in 0.016039 seconds 
========================================================================
Received Import Request.
  Time since last request: 0.000052 seconds.
  path: Assets/TextMesh Pro/Shaders/TMP_SDF-Mobile SSD.shader
  artifactKey: Guid(c8d12adcee749c344b8117cf7c7eb912) Importer(2089858483,0ecaa5967403d082aa24f35e1b516d23)
Start importing Assets/TextMesh Pro/Shaders/TMP_SDF-Mobile SSD.shader using Guid(c8d12adcee749c344b8117cf7c7eb912) Importer(2089858483,0ecaa5967403d082aa24f35e1b516d23) Generated GUIDs only implemented for interfaces!
 -> (artifact id: '6569628eaeeffd2bcc4814be2c6a6a96') in 0.016299 seconds 
========================================================================
Received Import Request.
  Time since last request: 0.000035 seconds.
  path: Assets/Mirror/Components/Experimental/NetworkTransform.cs
  artifactKey: Guid(741bbe11f5357b44593b15c0d11b16bd) Importer(2089858483,0ecaa5967403d082aa24f35e1b516d23)
Start importing Assets/Mirror/Components/Experimental/NetworkTransform.cs using Guid(741bbe11f5357b44593b15c0d11b16bd) Importer(2089858483,0ecaa5967403d082aa24f35e1b516d23) Generated GUIDs only implemented for interfaces!
 -> (artifact id: '1d6075f4da2cc80539f599994487f058') in 0.015869 seconds 
========================================================================
Received Import Request.
  Time since last request: 0.000026 seconds.
  path: Assets/XR/Settings/OpenXR Package Settings.asset
  artifactKey: Guid(f493f30cc28ffb2428e7dbae36affb35) Importer(2089858483,0ecaa5967403d082aa24f35e1b516d23)
Start importing Assets/XR/Settings/OpenXR Package Settings.asset using Guid(f493f30cc28ffb2428e7dbae36affb35) Importer(2089858483,0ecaa5967403d082aa24f35e1b516d23) [XR] [MROpenXR][Info   ][22:50:36.230900][tid:43b4] MeshProvider_RegisterLifecycleProvider
[XR] [MROpenXR][Info   ][22:50:36.231017][tid:43b4] InputProvider_RegisterLifecycleProvider
[XR] Error loading subsystem: Display (1) (header mismatch?)
[XR] [MROpenXR][Info   ][22:50:36.233108][tid:43b4] OnPluginStarted UnityVersion=2021.3.5f1 OpenXRPluginVersion=1.4.2 MROpenXRPluginVersion=1.4.2.0 PartA_PrivTags=33554432
Generated GUIDs only implemented for interfaces!
 -> (artifact id: '0bc8322f2a90bdcd872afdf53cbdcd77') in 0.121413 seconds 
========================================================================
Received Import Request.
  Time since last request: 0.000061 seconds.
  path: Assets/Mirror/Components/NetworkTransform2k/NetworkTransformChild.cs
  artifactKey: Guid(734b48bea0b204338958ee3d885e11f0) Importer(2089858483,0ecaa5967403d082aa24f35e1b516d23)
Start importing Assets/Mirror/Components/NetworkTransform2k/NetworkTransformChild.cs using Guid(734b48bea0b204338958ee3d885e11f0) Importer(2089858483,0ecaa5967403d082aa24f35e1b516d23) Generated GUIDs only implemented for interfaces!
 -> (artifact id: '41a448838d45ab0ed028e836a3e8f523') in 0.012585 seconds 
========================================================================
Received Import Request.
  Time since last request: 0.107606 seconds.
  path: Assets/Mirror/Plugins/Mono.Cecil/License.txt
  artifactKey: Guid(ab858db5ebbb0d542a9acd197669cb5a) Importer(2089858483,0ecaa5967403d082aa24f35e1b516d23)
Start importing Assets/Mirror/Plugins/Mono.Cecil/License.txt using Guid(ab858db5ebbb0d542a9acd197669cb5a) Importer(2089858483,0ecaa5967403d082aa24f35e1b516d23) Generated GUIDs only implemented for interfaces!
 -> (artifact id: 'cc05e2aa8f343a21c47a03ecb5a91c0d') in 0.018231 seconds 
========================================================================
Received Import Request.
  Time since last request: 0.000034 seconds.
  path: Assets/Mirror/Runtime/Empty/LogFactory.cs
  artifactKey: Guid(353c7c9e14e82f349b1679112050b196) Importer(2089858483,0ecaa5967403d082aa24f35e1b516d23)
Start importing Assets/Mirror/Runtime/Empty/LogFactory.cs using Guid(353c7c9e14e82f349b1679112050b196) Importer(2089858483,0ecaa5967403d082aa24f35e1b516d23) Generated GUIDs only implemented for interfaces!
 -> (artifact id: '8f538330f6f9bbb7686f49a66fcd15c1') in 0.013112 seconds 
========================================================================
Received Import Request.
  Time since last request: 0.000030 seconds.
  path: Assets/Mirror/Runtime/Empty/FallbackTransport.cs
  artifactKey: Guid(330c9aab13d2d42069c6ebbe582b73ca) Importer(2089858483,0ecaa5967403d082aa24f35e1b516d23)
Start importing Assets/Mirror/Runtime/Empty/FallbackTransport.cs using Guid(330c9aab13d2d42069c6ebbe582b73ca) Importer(2089858483,0ecaa5967403d082aa24f35e1b516d23) Generated GUIDs only implemented for interfaces!
 -> (artifact id: '99c62598792efe22565b67cb28838872') in 0.012854 seconds 
========================================================================
Received Import Request.
  Time since last request: 0.000026 seconds.
  path: Assets/Mirror/Examples/AdditiveLevels/Scripts/FadeInOut.cs
  artifactKey: Guid(363a8867bb9c7b845a73233566df8c1e) Importer(2089858483,0ecaa5967403d082aa24f35e1b516d23)
Start importing Assets/Mirror/Examples/AdditiveLevels/Scripts/FadeInOut.cs using Guid(363a8867bb9c7b845a73233566df8c1e) Importer(2089858483,0ecaa5967403d082aa24f35e1b516d23) Generated GUIDs only implemented for interfaces!
 -> (artifact id: 'fe884efbdbe9302846faf87ace6d30f0') in 0.013192 seconds 
========================================================================
Received Import Request.
  Time since last request: 0.000033 seconds.
  path: Assets/Mirror/Examples/AdditiveLevels/Textures/Front_Tex.jpeg
  artifactKey: Guid(ca928ef0e269448ba82388eb41d48544) Importer(2089858483,0ecaa5967403d082aa24f35e1b516d23)
Start importing Assets/Mirror/Examples/AdditiveLevels/Textures/Front_Tex.jpeg using Guid(ca928ef0e269448ba82388eb41d48544) Importer(2089858483,0ecaa5967403d082aa24f35e1b516d23) Generated GUIDs only implemented for interfaces!
 -> (artifact id: '5032f541ac7bce81d7470d8ff12605f0') in 0.059262 seconds 
========================================================================
Received Import Request.
  Time since last request: 0.000044 seconds.
  path: Assets/Mirror/Editor/Empty/Logging/LogLevelWindow.cs
  artifactKey: Guid(c3dbf48190d77d243b87962a82c3b164) Importer(2089858483,0ecaa5967403d082aa24f35e1b516d23)
Start importing Assets/Mirror/Editor/Empty/Logging/LogLevelWindow.cs using Guid(c3dbf48190d77d243b87962a82c3b164) Importer(2089858483,0ecaa5967403d082aa24f35e1b516d23) Generated GUIDs only implemented for interfaces!
 -> (artifact id: 'c39b5a9e3811c84400f01e9a08284b1f') in 0.010185 seconds 
========================================================================
Received Import Request.
  Time since last request: 0.000030 seconds.
  path: Assets/Mirror/Editor/Weaver/Processors/SyncObjectInitializer.cs
  artifactKey: Guid(d02219b00b3674e59a2151f41e791688) Importer(2089858483,0ecaa5967403d082aa24f35e1b516d23)
Start importing Assets/Mirror/Editor/Weaver/Processors/SyncObjectInitializer.cs using Guid(d02219b00b3674e59a2151f41e791688) Importer(2089858483,0ecaa5967403d082aa24f35e1b516d23) Generated GUIDs only implemented for interfaces!
 -> (artifact id: 'f6ae43c7801d98921543995eccb28c16') in 0.011173 seconds 
========================================================================
Received Import Request.
  Time since last request: 0.000027 seconds.
  path: Assets/Mirror/Editor/Weaver/Empty/GenericArgumentResolver.cs
  artifactKey: Guid(fd67b3f7c2d66074a9bc7a23787e2ffb) Importer(2089858483,0ecaa5967403d082aa24f35e1b516d23)
Start importing Assets/Mirror/Editor/Weaver/Empty/GenericArgumentResolver.cs using Guid(fd67b3f7c2d66074a9bc7a23787e2ffb) Importer(2089858483,0ecaa5967403d082aa24f35e1b516d23) Generated GUIDs only implemented for interfaces!
 -> (artifact id: 'b1bc06f342b1d6f33cbfd83e8ad452b5') in 0.009533 seconds 
========================================================================
Received Import Request.
  Time since last request: 0.000030 seconds.
  path: Assets/Mirror/Editor/Weaver/Processors/SyncVarAttributeAccessReplacer.cs
  artifactKey: Guid(d48f1ab125e9940a995603796bccc59e) Importer(2089858483,0ecaa5967403d082aa24f35e1b516d23)
Start importing Assets/Mirror/Editor/Weaver/Processors/SyncVarAttributeAccessReplacer.cs using Guid(d48f1ab125e9940a995603796bccc59e) Importer(2089858483,0ecaa5967403d082aa24f35e1b516d23) Generated GUIDs only implemented for interfaces!
 -> (artifact id: '8c806e0d7f741dd5fda2c93a0915dd67') in 0.010230 seconds 
========================================================================
Received Import Request.
  Time since last request: 0.000035 seconds.
  path: Assets/Mirror/Editor/Empty/Logging/LogSettingsEditor.cs
  artifactKey: Guid(8f4ecb3d81ce9ff44b91f311ee46d4ea) Importer(2089858483,0ecaa5967403d082aa24f35e1b516d23)
Start importing Assets/Mirror/Editor/Empty/Logging/LogSettingsEditor.cs using Guid(8f4ecb3d81ce9ff44b91f311ee46d4ea) Importer(2089858483,0ecaa5967403d082aa24f35e1b516d23) Generated GUIDs only implemented for interfaces!
 -> (artifact id: '0f05367fdd5c0b80fbf260588c6fe479') in 0.012858 seconds 
========================================================================
Received Import Request.
  Time since last request: 0.000032 seconds.
  path: Assets/Mirror/Examples/AdditiveLevels/Scenes/Online.unity
  artifactKey: Guid(3c63960543989ea41ba3d3fb04d6dcf3) Importer(2089858483,0ecaa5967403d082aa24f35e1b516d23)
Start importing Assets/Mirror/Examples/AdditiveLevels/Scenes/Online.unity using Guid(3c63960543989ea41ba3d3fb04d6dcf3) Importer(2089858483,0ecaa5967403d082aa24f35e1b516d23) Generated GUIDs only implemented for interfaces!
 -> (artifact id: '00f6d882cf23b86d44b21b1ec443a760') in 0.008454 seconds 
========================================================================
Received Import Request.
  Time since last request: 0.000043 seconds.
  path: Assets/Mirror/Editor/Weaver/EntryPointILPostProcessor/CompiledAssemblyFromFile.cs
  artifactKey: Guid(9009d1db4ed44f6694a92bf8ad7738e9) Importer(2089858483,0ecaa5967403d082aa24f35e1b516d23)
Start importing Assets/Mirror/Editor/Weaver/EntryPointILPostProcessor/CompiledAssemblyFromFile.cs using Guid(9009d1db4ed44f6694a92bf8ad7738e9) Importer(2089858483,0ecaa5967403d082aa24f35e1b516d23) Generated GUIDs only implemented for interfaces!
 -> (artifact id: '0507c860c6640dac46fd4cfb27fc44b7') in 0.011202 seconds 
========================================================================
Received Import Request.
  Time since last request: 0.000034 seconds.
  path: Assets/Mirror/Examples/AdditiveLevels/Scripts/PlayerController.cs
  artifactKey: Guid(05e10150710dde14b83d3c8f5aa853c2) Importer(2089858483,0ecaa5967403d082aa24f35e1b516d23)
Start importing Assets/Mirror/Examples/AdditiveLevels/Scripts/PlayerController.cs using Guid(05e10150710dde14b83d3c8f5aa853c2) Importer(2089858483,0ecaa5967403d082aa24f35e1b516d23) Generated GUIDs only implemented for interfaces!
 -> (artifact id: 'c85ad80b86509a6e76e58c8689d4321c') in 0.010457 seconds 
========================================================================
Received Import Request.
  Time since last request: 0.000048 seconds.
  path: Assets/Mirror/Examples/AdditiveLevels/Materials/Portal.mat
  artifactKey: Guid(3500dce637708024da2f2e45e4f71cd3) Importer(2089858483,0ecaa5967403d082aa24f35e1b516d23)
Start importing Assets/Mirror/Examples/AdditiveLevels/Materials/Portal.mat using Guid(3500dce637708024da2f2e45e4f71cd3) Importer(2089858483,0ecaa5967403d082aa24f35e1b516d23) Generated GUIDs only implemented for interfaces!
 -> (artifact id: '4d6cd0fdb37070ceb648a315a93e7ca9') in 0.031058 seconds 
========================================================================
Received Import Request.
  Time since last request: 0.057807 seconds.
  path: Assets/Mirror/Examples/AdditiveLevels/Textures/Up_Tex.jpeg
  artifactKey: Guid(bd9ad886b003944169e7ce1286756940) Importer(2089858483,0ecaa5967403d082aa24f35e1b516d23)
Start importing Assets/Mirror/Examples/AdditiveLevels/Textures/Up_Tex.jpeg using Guid(bd9ad886b003944169e7ce1286756940) Importer(2089858483,0ecaa5967403d082aa24f35e1b516d23) Generated GUIDs only implemented for interfaces!
 -> (artifact id: 'a8ed6ae1c93d5c1e3f8c57f701c6e83d') in 0.025084 seconds 
========================================================================
Received Import Request.
  Time since last request: 0.000030 seconds.
  path: Assets/Mirror/Examples/Benchmark/Prefabs/Monster.prefab
  artifactKey: Guid(30b8f251d03d84284b70601e691d474f) Importer(2089858483,0ecaa5967403d082aa24f35e1b516d23)
Start importing Assets/Mirror/Examples/Benchmark/Prefabs/Monster.prefab using Guid(30b8f251d03d84284b70601e691d474f) Importer(2089858483,0ecaa5967403d082aa24f35e1b516d23) Generated GUIDs only implemented for interfaces!
 -> (artifact id: 'dd74bd7e1b97f67cee5da8da7ac964b9') in 0.034436 seconds 
========================================================================
Received Import Request.
  Time since last request: 0.000034 seconds.
  path: Assets/Mirror/Examples/AdditiveScenes/Prefabs/Cube.prefab
  artifactKey: Guid(4ff300cf6bb3c6342a9552c4f18788c8) Importer(2089858483,0ecaa5967403d082aa24f35e1b516d23)
Start importing Assets/Mirror/Examples/AdditiveScenes/Prefabs/Cube.prefab using Guid(4ff300cf6bb3c6342a9552c4f18788c8) Importer(2089858483,0ecaa5967403d082aa24f35e1b516d23) Generated GUIDs only implemented for interfaces!
 -> (artifact id: '39e5c40473e3f2a4adaf98ff5fa7eec4') in 0.016397 seconds 
========================================================================
Received Import Request.
  Time since last request: 0.000034 seconds.
  path: Assets/Mirror/Examples/Basic/Prefabs/PlayerUI.prefab
  artifactKey: Guid(22f1fa3a0aff72b46a371f667bb4fb30) Importer(2089858483,0ecaa5967403d082aa24f35e1b516d23)
Start importing Assets/Mirror/Examples/Basic/Prefabs/PlayerUI.prefab using Guid(22f1fa3a0aff72b46a371f667bb4fb30) Importer(2089858483,0ecaa5967403d082aa24f35e1b516d23) Generated GUIDs only implemented for interfaces!
 -> (artifact id: 'c69ba26e220f811b1e38f8b766d23c8d') in 0.031109 seconds 
========================================================================
Received Import Request.
  Time since last request: 0.000029 seconds.
  path: Assets/Mirror/Examples/AdditiveScenes/Prefabs/Zone.prefab
  artifactKey: Guid(de939020b5e2aa5489ebcc4002d75d54) Importer(2089858483,0ecaa5967403d082aa24f35e1b516d23)
Start importing Assets/Mirror/Examples/AdditiveScenes/Prefabs/Zone.prefab using Guid(de939020b5e2aa5489ebcc4002d75d54) Importer(2089858483,0ecaa5967403d082aa24f35e1b516d23) Generated GUIDs only implemented for interfaces!
 -> (artifact id: '50883aea89bba7cede3ea97b1c9781bb') in 0.019997 seconds 
========================================================================
Received Import Request.
  Time since last request: 0.000044 seconds.
  path: Assets/Mirror/Examples/MultipleAdditiveScenes/Scripts/PlayerCamera.cs
  artifactKey: Guid(6cac48dc20f866148b44d0f9b5850761) Importer(2089858483,0ecaa5967403d082aa24f35e1b516d23)
Start importing Assets/Mirror/Examples/MultipleAdditiveScenes/Scripts/PlayerCamera.cs using Guid(6cac48dc20f866148b44d0f9b5850761) Importer(2089858483,0ecaa5967403d082aa24f35e1b516d23) Generated GUIDs only implemented for interfaces!
 -> (artifact id: '0f4014bf9ee14631d518bd2bb0a0913f') in 0.010833 seconds 
========================================================================
Received Import Request.
  Time since last request: 0.000030 seconds.
  path: Assets/Mirror/Examples/MultipleMatches/Prefabs/MatchController.prefab
  artifactKey: Guid(e101d385946c91b4c81f318efc723a88) Importer(2089858483,0ecaa5967403d082aa24f35e1b516d23)
Start importing Assets/Mirror/Examples/MultipleMatches/Prefabs/MatchController.prefab using Guid(e101d385946c91b4c81f318efc723a88) Importer(2089858483,0ecaa5967403d082aa24f35e1b516d23) Generated GUIDs only implemented for interfaces!
 -> (artifact id: '131c2187a185dc3b4f16aa0ea6be490f') in 0.041026 seconds 
========================================================================
Received Import Request.
  Time since last request: 0.000039 seconds.
  path: Assets/Mirror/Examples/MultipleAdditiveScenes/Scenes/Game.unity
  artifactKey: Guid(d45ed07e5475d4740812c97ae565255c) Importer(2089858483,0ecaa5967403d082aa24f35e1b516d23)
Start importing Assets/Mirror/Examples/MultipleAdditiveScenes/Scenes/Game.unity using Guid(d45ed07e5475d4740812c97ae565255c) Importer(2089858483,0ecaa5967403d082aa24f35e1b516d23) Generated GUIDs only implemented for interfaces!
 -> (artifact id: '362f365f9112d903ef49209715e95ee8') in 0.011847 seconds 
========================================================================
Received Import Request.
  Time since last request: 0.000030 seconds.
  path: Assets/Mirror/Examples/Chat/Scripts/ChatNetworkManager.cs
  artifactKey: Guid(d0cd72391a563461f88eb3ddf120efef) Importer(2089858483,0ecaa5967403d082aa24f35e1b516d23)
Start importing Assets/Mirror/Examples/Chat/Scripts/ChatNetworkManager.cs using Guid(d0cd72391a563461f88eb3ddf120efef) Importer(2089858483,0ecaa5967403d082aa24f35e1b516d23) Generated GUIDs only implemented for interfaces!
 -> (artifact id: '924d7226c0596c13af93b0e4fc304d8f') in 0.010429 seconds 
========================================================================
Received Import Request.
  Time since last request: 0.000041 seconds.
  path: Assets/Mirror/Examples/Pong/Sprites/DottedLine.png
  artifactKey: Guid(1b5c0b514d8b2d24091d5aec516fe860) Importer(2089858483,0ecaa5967403d082aa24f35e1b516d23)
Start importing Assets/Mirror/Examples/Pong/Sprites/DottedLine.png using Guid(1b5c0b514d8b2d24091d5aec516fe860) Importer(2089858483,0ecaa5967403d082aa24f35e1b516d23) Generated GUIDs only implemented for interfaces!
 -> (artifact id: 'e25e360d511e1d5535d7ef457795a977') in 0.026145 seconds 
========================================================================
Received Import Request.
  Time since last request: 0.000034 seconds.
  path: Assets/Mirror/Examples/AdditiveScenes/Scenes/MainScene.unity
  artifactKey: Guid(7a0eee2f518e9dc4fb628d96dc452faf) Importer(2089858483,0ecaa5967403d082aa24f35e1b516d23)
Start importing Assets/Mirror/Examples/AdditiveScenes/Scenes/MainScene.unity using Guid(7a0eee2f518e9dc4fb628d96dc452faf) Importer(2089858483,0ecaa5967403d082aa24f35e1b516d23) Generated GUIDs only implemented for interfaces!
 -> (artifact id: '067f24470a767b23216e7737a8e3606f') in 0.010431 seconds 
========================================================================
Received Import Request.
  Time since last request: 0.000045 seconds.
  path: Assets/Mirror/Examples/Benchmark/Materials/White.mat
  artifactKey: Guid(ff8f106e5c9e34da28ad9cee6edb2255) Importer(2089858483,0ecaa5967403d082aa24f35e1b516d23)
Start importing Assets/Mirror/Examples/Benchmark/Materials/White.mat using Guid(ff8f106e5c9e34da28ad9cee6edb2255) Importer(2089858483,0ecaa5967403d082aa24f35e1b516d23) Generated GUIDs only implemented for interfaces!
 -> (artifact id: '81e238cdadb7c1a4dc5242e51b2384a6') in 0.019841 seconds 
========================================================================
Received Import Request.
  Time since last request: 0.000033 seconds.
  path: Assets/Mirror/Examples/MultipleAdditiveScenes/Scripts/Spawner.cs
  artifactKey: Guid(f522bf510b49da44caa9f3ca0ac17f3b) Importer(2089858483,0ecaa5967403d082aa24f35e1b516d23)
Start importing Assets/Mirror/Examples/MultipleAdditiveScenes/Scripts/Spawner.cs using Guid(f522bf510b49da44caa9f3ca0ac17f3b) Importer(2089858483,0ecaa5967403d082aa24f35e1b516d23) Generated GUIDs only implemented for interfaces!
 -> (artifact id: '50986018c6a8aa1d96fc1f470b39b503') in 0.009316 seconds 
========================================================================
Received Import Request.
  Time since last request: 0.000038 seconds.
  path: Assets/Mirror/Examples/MultipleMatches/Prefabs/CellGUI.prefab
  artifactKey: Guid(5ab8c221183f0094eb04b7f6eb569e7b) Importer(2089858483,0ecaa5967403d082aa24f35e1b516d23)
Start importing Assets/Mirror/Examples/MultipleMatches/Prefabs/CellGUI.prefab using Guid(5ab8c221183f0094eb04b7f6eb569e7b) Importer(2089858483,0ecaa5967403d082aa24f35e1b516d23) Generated GUIDs only implemented for interfaces!
 -> (artifact id: '08546b23ee5845686f7c5a084bc8bb0e') in 0.024674 seconds 
========================================================================
Received Import Request.
  Time since last request: 0.000032 seconds.
  path: Assets/Mirror/Examples/Benchmark/Scripts/MonsterMovement.cs
  artifactKey: Guid(9cddc2e496c474e538a494465be0192a) Importer(2089858483,0ecaa5967403d082aa24f35e1b516d23)
Start importing Assets/Mirror/Examples/Benchmark/Scripts/MonsterMovement.cs using Guid(9cddc2e496c474e538a494465be0192a) Importer(2089858483,0ecaa5967403d082aa24f35e1b516d23) Generated GUIDs only implemented for interfaces!
 -> (artifact id: '75e7d8b8c1a8a1d679e61921eeebd467') in 0.010180 seconds 
========================================================================
Received Import Request.
  Time since last request: 0.000026 seconds.
  path: Assets/Mirror/Runtime/Transports/Telepathy/Telepathy/Client.cs
  artifactKey: Guid(a5b95294cc4ec4b15aacba57531c7985) Importer(2089858483,0ecaa5967403d082aa24f35e1b516d23)
Start importing Assets/Mirror/Runtime/Transports/Telepathy/Telepathy/Client.cs using Guid(a5b95294cc4ec4b15aacba57531c7985) Importer(2089858483,0ecaa5967403d082aa24f35e1b516d23) Generated GUIDs only implemented for interfaces!
 -> (artifact id: 'd19dd74915e8276c298571c8e28405b2') in 0.012932 seconds 
========================================================================
Received Import Request.
  Time since last request: 0.000032 seconds.
  path: Assets/Mirror/Runtime/Transports/KCP/kcp2k/highlevel/KcpServerConnection.cs
  artifactKey: Guid(80a9b1ce9a6f14abeb32bfa9921d097b) Importer(2089858483,0ecaa5967403d082aa24f35e1b516d23)
Start importing Assets/Mirror/Runtime/Transports/KCP/kcp2k/highlevel/KcpServerConnection.cs using Guid(80a9b1ce9a6f14abeb32bfa9921d097b) Importer(2089858483,0ecaa5967403d082aa24f35e1b516d23) Generated GUIDs only implemented for interfaces!
 -> (artifact id: '402267e1fd0a90cbe123004f97bab989') in 0.012320 seconds 
========================================================================
Received Import Request.
  Time since last request: 0.000033 seconds.
  path: Assets/Samples/Mixed Reality Toolkit Examples/2.8.1/Demos - LookAndPinch/Scenes/LookAndPinchDemo-05-Visualizer.unity
  artifactKey: Guid(70908b9835f556d43af01d3fabab76c3) Importer(2089858483,0ecaa5967403d082aa24f35e1b516d23)
Start importing Assets/Samples/Mixed Reality Toolkit Examples/2.8.1/Demos - LookAndPinch/Scenes/LookAndPinchDemo-05-Visualizer.unity using Guid(70908b9835f556d43af01d3fabab76c3) Importer(2089858483,0ecaa5967403d082aa24f35e1b516d23) Generated GUIDs only implemented for interfaces!
 -> (artifact id: '66b62af49d6d4ce0ef535e810bd099f5') in 0.010287 seconds 
========================================================================
Received Import Request.
  Time since last request: 0.000035 seconds.
  path: Assets/Mirror/Examples/AdditiveLevels/Scenes/Online/LightingData.asset
  artifactKey: Guid(7868b86bff1943140826320e66c66468) Importer(2089858483,0ecaa5967403d082aa24f35e1b516d23)
Start importing Assets/Mirror/Examples/AdditiveLevels/Scenes/Online/LightingData.asset using Guid(7868b86bff1943140826320e66c66468) Importer(2089858483,0ecaa5967403d082aa24f35e1b516d23) Generated GUIDs only implemented for interfaces!
 -> (artifact id: '86b20bc98fcf45a4460e4821ee0033cd') in 0.024196 seconds 
========================================================================
Received Import Request.
  Time since last request: 0.000044 seconds.
  path: Assets/Mirror/Runtime/Transports/KCP/kcp2k/LICENSE
  artifactKey: Guid(9a3e8369060cf4e94ac117603de47aa6) Importer(2089858483,0ecaa5967403d082aa24f35e1b516d23)
Start importing Assets/Mirror/Runtime/Transports/KCP/kcp2k/LICENSE using Guid(9a3e8369060cf4e94ac117603de47aa6) Importer(2089858483,0ecaa5967403d082aa24f35e1b516d23) Generated GUIDs only implemented for interfaces!
 -> (artifact id: '788641a338e67274a2ca8c3d72cfdb3d') in 0.011802 seconds 
========================================================================
Received Import Request.
  Time since last request: 0.000030 seconds.
  path: Assets/Mirror/Examples/Tanks/Textures/(Public Domain) Dirt Hand Painted Texture/Dirt Hand Painted Texture - License.txt
  artifactKey: Guid(422e9f56a29ae488e836a23d1e0f21d0) Importer(2089858483,0ecaa5967403d082aa24f35e1b516d23)
Start importing Assets/Mirror/Examples/Tanks/Textures/(Public Domain) Dirt Hand Painted Texture/Dirt Hand Painted Texture - License.txt using Guid(422e9f56a29ae488e836a23d1e0f21d0) Importer(2089858483,0ecaa5967403d082aa24f35e1b516d23) Generated GUIDs only implemented for interfaces!
 -> (artifact id: '9a2fe43e7eb7e762db544e8b1d09a3bc') in 0.015495 seconds 
========================================================================
Received Import Request.
  Time since last request: 0.000031 seconds.
  path: Assets/Mirror/Runtime/Transports/SimpleWebTransport/Common/MessageProcessor.cs
  artifactKey: Guid(4c1f218a2b16ca846aaf23260078e549) Importer(2089858483,0ecaa5967403d082aa24f35e1b516d23)
Start importing Assets/Mirror/Runtime/Transports/SimpleWebTransport/Common/MessageProcessor.cs using Guid(4c1f218a2b16ca846aaf23260078e549) Importer(2089858483,0ecaa5967403d082aa24f35e1b516d23) Generated GUIDs only implemented for interfaces!
 -> (artifact id: 'ef35d2db2fd8e677d2db070035eb1fbe') in 0.012257 seconds 
========================================================================
Received Import Request.
  Time since last request: 0.000042 seconds.
  path: Assets/Mirror/Runtime/Transports/KCP/kcp2k/VERSION
  artifactKey: Guid(ed3f2cf1bbf1b4d53a6f2c103d311f71) Importer(2089858483,0ecaa5967403d082aa24f35e1b516d23)
Start importing Assets/Mirror/Runtime/Transports/KCP/kcp2k/VERSION using Guid(ed3f2cf1bbf1b4d53a6f2c103d311f71) Importer(2089858483,0ecaa5967403d082aa24f35e1b516d23) Generated GUIDs only implemented for interfaces!
 -> (artifact id: '97f65508dfbb4a57590a0ecd94376f8f') in 0.008099 seconds 
========================================================================
Received Import Request.
  Time since last request: 0.000030 seconds.
  path: Assets/Mirror/Runtime/Transports/SimpleWebTransport/Common/ReadHelper.cs
  artifactKey: Guid(9f4fa5d324e708c46a55810a97de75bc) Importer(2089858483,0ecaa5967403d082aa24f35e1b516d23)
Start importing Assets/Mirror/Runtime/Transports/SimpleWebTransport/Common/ReadHelper.cs using Guid(9f4fa5d324e708c46a55810a97de75bc) Importer(2089858483,0ecaa5967403d082aa24f35e1b516d23) Generated GUIDs only implemented for interfaces!
 -> (artifact id: '41c547f22887399022377cc36f5dbe41') in 0.011929 seconds 
========================================================================
Received Import Request.
  Time since last request: 0.000030 seconds.
  path: Assets/Samples/Mixed Reality Toolkit Examples/2.8.1/Demos - UX/Dwell/ListItemDwell.cs
  artifactKey: Guid(4b66a019433d7ca4fbd01f1dfd356ede) Importer(2089858483,0ecaa5967403d082aa24f35e1b516d23)
Start importing Assets/Samples/Mixed Reality Toolkit Examples/2.8.1/Demos - UX/Dwell/ListItemDwell.cs using Guid(4b66a019433d7ca4fbd01f1dfd356ede) Importer(2089858483,0ecaa5967403d082aa24f35e1b516d23) Generated GUIDs only implemented for interfaces!
 -> (artifact id: '22a00a7b6bbed04c4ba8d4b37eb7e4fe') in 0.010317 seconds 
========================================================================
Received Import Request.
  Time since last request: 0.000040 seconds.
  path: Assets/Samples/Mixed Reality Toolkit Examples/2.8.1/Demos - UX/Dwell/InstantDwellSample.cs
  artifactKey: Guid(b3f9b2bbb7033d545873afe974c8670a) Importer(2089858483,0ecaa5967403d082aa24f35e1b516d23)
Start importing Assets/Samples/Mixed Reality Toolkit Examples/2.8.1/Demos - UX/Dwell/InstantDwellSample.cs using Guid(b3f9b2bbb7033d545873afe974c8670a) Importer(2089858483,0ecaa5967403d082aa24f35e1b516d23) Generated GUIDs only implemented for interfaces!
 -> (artifact id: '260eeb8ccc36a3c757e2f8da8637608a') in 0.010411 seconds 
========================================================================
Received Import Request.
  Time since last request: 0.000036 seconds.
  path: Assets/Mirror/Runtime/Transports/SimpleWebTransport/LICENSE
  artifactKey: Guid(0a0cf751b4a201242ac60b4adbc54657) Importer(2089858483,0ecaa5967403d082aa24f35e1b516d23)
Start importing Assets/Mirror/Runtime/Transports/SimpleWebTransport/LICENSE using Guid(0a0cf751b4a201242ac60b4adbc54657) Importer(2089858483,0ecaa5967403d082aa24f35e1b516d23) Generated GUIDs only implemented for interfaces!
 -> (artifact id: '8defc2e445deaa5d6ffd1bab109dcc0b') in 0.008275 seconds 
========================================================================
Received Import Request.
  Time since last request: 0.000034 seconds.
  path: Assets/Samples/Mixed Reality Toolkit Examples/2.8.1/Demos - LookAndPinch/General/Profile/LookAndPinchDemoConfigurationProfile.asset
  artifactKey: Guid(4aad8e2f64fa9274e8bcc7714040f599) Importer(2089858483,0ecaa5967403d082aa24f35e1b516d23)
Start importing Assets/Samples/Mixed Reality Toolkit Examples/2.8.1/Demos - LookAndPinch/General/Profile/LookAndPinchDemoConfigurationProfile.asset using Guid(4aad8e2f64fa9274e8bcc7714040f599) Importer(2089858483,0ecaa5967403d082aa24f35e1b516d23) Generated GUIDs only implemented for interfaces!
 -> (artifact id: 'f898952abdbca4fc9414675a05735fef') in 0.360317 seconds 
========================================================================
Received Import Request.
  Time since last request: 0.000044 seconds.
  path: Assets/Samples/Mixed Reality Toolkit Examples/2.8.1/Demos - UX/Lines/Materials/OpaqueLinesMaterial.mat
  artifactKey: Guid(ddc1013c5e7bc0841bf61884ea0f39cd) Importer(2089858483,0ecaa5967403d082aa24f35e1b516d23)
Start importing Assets/Samples/Mixed Reality Toolkit Examples/2.8.1/Demos - UX/Lines/Materials/OpaqueLinesMaterial.mat using Guid(ddc1013c5e7bc0841bf61884ea0f39cd) Importer(2089858483,0ecaa5967403d082aa24f35e1b516d23) Generated GUIDs only implemented for interfaces!
 -> (artifact id: 'f523916a417b149eba7f9c239d427e45') in 0.063137 seconds 
========================================================================
Received Import Request.
  Time since last request: 0.000044 seconds.
  path: Assets/Samples/Mixed Reality Toolkit Examples/2.8.1/Demos - UX/Tooltips/Scenes/TooltipExamples.unity
  artifactKey: Guid(de90a43947eced441b4c426e11f35f28) Importer(2089858483,0ecaa5967403d082aa24f35e1b516d23)
Start importing Assets/Samples/Mixed Reality Toolkit Examples/2.8.1/Demos - UX/Tooltips/Scenes/TooltipExamples.unity using Guid(de90a43947eced441b4c426e11f35f28) Importer(2089858483,0ecaa5967403d082aa24f35e1b516d23) Generated GUIDs only implemented for interfaces!
 -> (artifact id: '5615e0963d43caa8b7d24174282e791a') in 0.010218 seconds 
========================================================================
Received Import Request.
  Time since last request: 0.000032 seconds.
  path: Assets/Samples/Mixed Reality Toolkit Examples/2.8.1/Demos - UX/Interactables/Prefabs/Model_Bucky.prefab
  artifactKey: Guid(50eb8d97f29f335409ec2df393ed6cc5) Importer(2089858483,0ecaa5967403d082aa24f35e1b516d23)
Start importing Assets/Samples/Mixed Reality Toolkit Examples/2.8.1/Demos - UX/Interactables/Prefabs/Model_Bucky.prefab using Guid(50eb8d97f29f335409ec2df393ed6cc5) Importer(2089858483,0ecaa5967403d082aa24f35e1b516d23) Generated GUIDs only implemented for interfaces!
 -> (artifact id: '278aa86b7522d64ab9d7ca592359e1fd') in 0.042386 seconds 
========================================================================
Received Import Request.
  Time since last request: 0.000025 seconds.
  path: Assets/Mirror/Examples/AdditiveScenes/Materials/Zone.mat
  artifactKey: Guid(a7c679cf124f7ae46a0291ea35848554) Importer(2089858483,0ecaa5967403d082aa24f35e1b516d23)
Start importing Assets/Mirror/Examples/AdditiveScenes/Materials/Zone.mat using Guid(a7c679cf124f7ae46a0291ea35848554) Importer(2089858483,0ecaa5967403d082aa24f35e1b516d23) Generated GUIDs only implemented for interfaces!
 -> (artifact id: '4683580814e70c9e53a85fa7534ab2c9') in 0.015893 seconds 
Editor requested this worker to shutdown with reason: Scaling down because of idle timeout
AssetImportWorker is now disconnected from the server
Process exiting
Exiting without the bug reporter. Application will terminate with return code 0